2024-07-06 00:15:08,922 - INFO - -------------------- Base Mode for Representation Learning is vit --------------------
2024-07-06 00:15:08,922 - INFO - -------------------- Starting training --------------------
2024-07-06 00:15:44,299 - INFO - Epoch [1/20], Step [20/200], Train loss: 0.0393
2024-07-06 00:16:18,991 - INFO - Epoch [1/20], Step [40/200], Train loss: 0.0697
2024-07-06 00:16:50,884 - INFO - Epoch [1/20], Step [60/200], Train loss: 0.1127
2024-07-06 00:17:24,889 - INFO - Epoch [1/20], Step [80/200], Train loss: 0.0730
2024-07-06 00:17:59,799 - INFO - Epoch [1/20], Step [100/200], Train loss: 0.0402
2024-07-06 00:18:37,474 - INFO - Epoch [1/20], Step [120/200], Train loss: 0.0758
2024-07-06 00:19:14,992 - INFO - Epoch [1/20], Step [140/200], Train loss: 0.0574
2024-07-06 00:19:50,725 - INFO - Epoch [1/20], Step [160/200], Train loss: 0.0723
2024-07-06 00:20:27,398 - INFO - Epoch [1/20], Step [180/200], Train loss: 0.0430
2024-07-06 00:21:03,260 - INFO - Epoch [1/20], Step [200/200], Train loss: 0.0478
2024-07-06 00:21:03,324 - INFO - Epoch [1/20], Average train loss: 0.0705
2024-07-06 00:21:11,632 - INFO - Epoch [1/20], Step [10/50], Val loss: 0.0761
2024-07-06 00:21:18,679 - INFO - Epoch [1/20], Step [20/50], Val loss: 0.0559
2024-07-06 00:21:26,147 - INFO - Epoch [1/20], Step [30/50], Val loss: 0.0478
2024-07-06 00:21:33,681 - INFO - Epoch [1/20], Step [40/50], Val loss: 0.0318
2024-07-06 00:21:40,759 - INFO - Epoch [1/20], Step [50/50], Val loss: 0.0653
2024-07-06 00:21:40,819 - INFO - Epoch [1/20], Average validation loss: 0.0542
2024-07-06 00:22:18,128 - INFO - Epoch [2/20], Step [20/200], Train loss: 0.0522
2024-07-06 00:22:54,135 - INFO - Epoch [2/20], Step [40/200], Train loss: 0.0994
2024-07-06 00:23:30,241 - INFO - Epoch [2/20], Step [60/200], Train loss: 0.0667
2024-07-06 00:24:06,791 - INFO - Epoch [2/20], Step [80/200], Train loss: 0.0287
2024-07-06 00:24:41,732 - INFO - Epoch [2/20], Step [100/200], Train loss: 0.0551
2024-07-06 00:25:16,449 - INFO - Epoch [2/20], Step [120/200], Train loss: 0.0481
2024-07-06 00:25:51,574 - INFO - Epoch [2/20], Step [140/200], Train loss: 0.0472
2024-07-06 00:26:26,563 - INFO - Epoch [2/20], Step [160/200], Train loss: 0.0461
2024-07-06 00:27:01,210 - INFO - Epoch [2/20], Step [180/200], Train loss: 0.0313
2024-07-06 00:27:34,417 - INFO - Epoch [2/20], Step [200/200], Train loss: 0.0446
2024-07-06 00:27:34,485 - INFO - Epoch [2/20], Average train loss: 0.0517
2024-07-06 00:27:42,057 - INFO - Epoch [2/20], Step [10/50], Val loss: 0.0690
2024-07-06 00:27:48,968 - INFO - Epoch [2/20], Step [20/50], Val loss: 0.0664
2024-07-06 00:27:56,181 - INFO - Epoch [2/20], Step [30/50], Val loss: 0.0440
2024-07-06 00:28:03,118 - INFO - Epoch [2/20], Step [40/50], Val loss: 0.0355
2024-07-06 00:28:09,840 - INFO - Epoch [2/20], Step [50/50], Val loss: 0.0598
2024-07-06 00:28:09,891 - INFO - Epoch [2/20], Average validation loss: 0.0513
2024-07-06 00:28:45,917 - INFO - Epoch [3/20], Step [20/200], Train loss: 0.0660
2024-07-06 00:29:20,697 - INFO - Epoch [3/20], Step [40/200], Train loss: 0.0601
2024-07-06 00:29:55,542 - INFO - Epoch [3/20], Step [60/200], Train loss: 0.0601
2024-07-06 00:30:30,697 - INFO - Epoch [3/20], Step [80/200], Train loss: 0.0534
2024-07-06 00:31:05,531 - INFO - Epoch [3/20], Step [100/200], Train loss: 0.0543
2024-07-06 00:31:40,265 - INFO - Epoch [3/20], Step [120/200], Train loss: 0.0351
2024-07-06 00:32:14,579 - INFO - Epoch [3/20], Step [140/200], Train loss: 0.0569
2024-07-06 00:32:49,340 - INFO - Epoch [3/20], Step [160/200], Train loss: 0.0355
2024-07-06 00:33:27,149 - INFO - Epoch [3/20], Step [180/200], Train loss: 0.0445
2024-07-06 00:34:02,659 - INFO - Epoch [3/20], Step [200/200], Train loss: 0.0456
2024-07-06 00:34:02,729 - INFO - Epoch [3/20], Average train loss: 0.0460
2024-07-06 00:34:11,009 - INFO - Epoch [3/20], Step [10/50], Val loss: 0.0585
2024-07-06 00:34:18,670 - INFO - Epoch [3/20], Step [20/50], Val loss: 0.0624
2024-07-06 00:34:26,209 - INFO - Epoch [3/20], Step [30/50], Val loss: 0.0488
2024-07-06 00:34:33,753 - INFO - Epoch [3/20], Step [40/50], Val loss: 0.0309
2024-07-06 00:34:40,765 - INFO - Epoch [3/20], Step [50/50], Val loss: 0.0550
2024-07-06 00:34:40,827 - INFO - Epoch [3/20], Average validation loss: 0.0505
2024-07-06 00:35:18,152 - INFO - Epoch [4/20], Step [20/200], Train loss: 0.0362
2024-07-06 00:35:54,396 - INFO - Epoch [4/20], Step [40/200], Train loss: 0.0491
2024-07-06 00:36:31,004 - INFO - Epoch [4/20], Step [60/200], Train loss: 0.0351
2024-07-06 00:37:08,704 - INFO - Epoch [4/20], Step [80/200], Train loss: 0.0142
2024-07-06 00:37:44,165 - INFO - Epoch [4/20], Step [100/200], Train loss: 0.0383
2024-07-06 00:38:21,219 - INFO - Epoch [4/20], Step [120/200], Train loss: 0.0446
2024-07-06 00:38:58,678 - INFO - Epoch [4/20], Step [140/200], Train loss: 0.0193
2024-07-06 00:39:35,782 - INFO - Epoch [4/20], Step [160/200], Train loss: 0.0603
2024-07-06 00:40:12,760 - INFO - Epoch [4/20], Step [180/200], Train loss: 0.0346
2024-07-06 00:40:49,806 - INFO - Epoch [4/20], Step [200/200], Train loss: 0.0363
2024-07-06 00:40:49,875 - INFO - Epoch [4/20], Average train loss: 0.0412
2024-07-06 00:40:58,890 - INFO - Epoch [4/20], Step [10/50], Val loss: 0.0450
2024-07-06 00:41:06,599 - INFO - Epoch [4/20], Step [20/50], Val loss: 0.0326
2024-07-06 00:41:14,334 - INFO - Epoch [4/20], Step [30/50], Val loss: 0.0431
2024-07-06 00:41:22,371 - INFO - Epoch [4/20], Step [40/50], Val loss: 0.0406
2024-07-06 00:41:30,267 - INFO - Epoch [4/20], Step [50/50], Val loss: 0.0548
2024-07-06 00:41:30,338 - INFO - Epoch [4/20], Average validation loss: 0.0492
2024-07-06 00:42:09,249 - INFO - Epoch [5/20], Step [20/200], Train loss: 0.0268
2024-07-06 00:42:47,880 - INFO - Epoch [5/20], Step [40/200], Train loss: 0.0409
2024-07-06 00:43:26,511 - INFO - Epoch [5/20], Step [60/200], Train loss: 0.0363
2024-07-06 00:43:59,281 - INFO - Epoch [5/20], Step [80/200], Train loss: 0.0173
2024-07-06 00:44:31,042 - INFO - Epoch [5/20], Step [100/200], Train loss: 0.0169
2024-07-06 00:45:02,642 - INFO - Epoch [5/20], Step [120/200], Train loss: 0.0284
2024-07-06 00:45:34,220 - INFO - Epoch [5/20], Step [140/200], Train loss: 0.0379
2024-07-06 00:46:06,188 - INFO - Epoch [5/20], Step [160/200], Train loss: 0.0711
2024-07-06 00:46:37,673 - INFO - Epoch [5/20], Step [180/200], Train loss: 0.0323
2024-07-06 00:47:07,203 - INFO - Epoch [5/20], Step [200/200], Train loss: 0.0233
2024-07-06 00:47:07,277 - INFO - Epoch [5/20], Average train loss: 0.0372
2024-07-06 00:47:14,439 - INFO - Epoch [5/20], Step [10/50], Val loss: 0.0555
2024-07-06 00:47:20,912 - INFO - Epoch [5/20], Step [20/50], Val loss: 0.0742
2024-07-06 00:47:27,406 - INFO - Epoch [5/20], Step [30/50], Val loss: 0.0536
2024-07-06 00:47:33,737 - INFO - Epoch [5/20], Step [40/50], Val loss: 0.0394
2024-07-06 00:47:39,922 - INFO - Epoch [5/20], Step [50/50], Val loss: 0.0471
2024-07-06 00:47:39,974 - INFO - Epoch [5/20], Average validation loss: 0.0495
2024-07-06 00:48:12,893 - INFO - Epoch [6/20], Step [20/200], Train loss: 0.0384
2024-07-06 00:48:44,120 - INFO - Epoch [6/20], Step [40/200], Train loss: 0.0352
2024-07-06 00:49:15,634 - INFO - Epoch [6/20], Step [60/200], Train loss: 0.0385
2024-07-06 00:49:46,819 - INFO - Epoch [6/20], Step [80/200], Train loss: 0.0344
2024-07-06 00:50:18,418 - INFO - Epoch [6/20], Step [100/200], Train loss: 0.0502
2024-07-06 00:50:49,933 - INFO - Epoch [6/20], Step [120/200], Train loss: 0.0352
2024-07-06 00:51:21,365 - INFO - Epoch [6/20], Step [140/200], Train loss: 0.0122
2024-07-06 00:51:52,613 - INFO - Epoch [6/20], Step [160/200], Train loss: 0.0247
2024-07-06 00:52:23,860 - INFO - Epoch [6/20], Step [180/200], Train loss: 0.0227
2024-07-06 00:52:52,900 - INFO - Epoch [6/20], Step [200/200], Train loss: 0.0455
2024-07-06 00:52:52,987 - INFO - Epoch [6/20], Average train loss: 0.0333
2024-07-06 00:53:00,181 - INFO - Epoch [6/20], Step [10/50], Val loss: 0.0473
2024-07-06 00:53:06,634 - INFO - Epoch [6/20], Step [20/50], Val loss: 0.0358
2024-07-06 00:53:13,023 - INFO - Epoch [6/20], Step [30/50], Val loss: 0.0552
2024-07-06 00:53:19,448 - INFO - Epoch [6/20], Step [40/50], Val loss: 0.0467
2024-07-06 00:53:25,722 - INFO - Epoch [6/20], Step [50/50], Val loss: 0.0537
2024-07-06 00:53:25,777 - INFO - Epoch [6/20], Average validation loss: 0.0464
2024-07-06 00:53:58,069 - INFO - Epoch [7/20], Step [20/200], Train loss: 0.0361
2024-07-06 00:54:29,708 - INFO - Epoch [7/20], Step [40/200], Train loss: 0.0396
2024-07-06 00:55:01,504 - INFO - Epoch [7/20], Step [60/200], Train loss: 0.0264
2024-07-06 00:55:32,869 - INFO - Epoch [7/20], Step [80/200], Train loss: 0.0186
2024-07-06 00:56:04,497 - INFO - Epoch [7/20], Step [100/200], Train loss: 0.0407
2024-07-06 00:56:35,848 - INFO - Epoch [7/20], Step [120/200], Train loss: 0.0538
2024-07-06 00:57:07,423 - INFO - Epoch [7/20], Step [140/200], Train loss: 0.0145
2024-07-06 00:57:38,740 - INFO - Epoch [7/20], Step [160/200], Train loss: 0.0322
2024-07-06 00:58:10,394 - INFO - Epoch [7/20], Step [180/200], Train loss: 0.0253
2024-07-06 00:58:39,691 - INFO - Epoch [7/20], Step [200/200], Train loss: 0.0373
2024-07-06 00:58:39,755 - INFO - Epoch [7/20], Average train loss: 0.0298
2024-07-06 00:58:46,887 - INFO - Epoch [7/20], Step [10/50], Val loss: 0.0367
2024-07-06 00:58:53,302 - INFO - Epoch [7/20], Step [20/50], Val loss: 0.0358
2024-07-06 00:58:59,673 - INFO - Epoch [7/20], Step [30/50], Val loss: 0.0543
2024-07-06 00:59:06,246 - INFO - Epoch [7/20], Step [40/50], Val loss: 0.0460
2024-07-06 00:59:12,440 - INFO - Epoch [7/20], Step [50/50], Val loss: 0.0469
2024-07-06 00:59:12,494 - INFO - Epoch [7/20], Average validation loss: 0.0462
2024-07-06 00:59:44,815 - INFO - Epoch [8/20], Step [20/200], Train loss: 0.0405
2024-07-06 01:00:16,211 - INFO - Epoch [8/20], Step [40/200], Train loss: 0.0428
2024-07-06 01:00:47,613 - INFO - Epoch [8/20], Step [60/200], Train loss: 0.0284
2024-07-06 01:01:19,004 - INFO - Epoch [8/20], Step [80/200], Train loss: 0.0148
2024-07-06 01:01:50,463 - INFO - Epoch [8/20], Step [100/200], Train loss: 0.0377
2024-07-06 01:02:22,149 - INFO - Epoch [8/20], Step [120/200], Train loss: 0.0279
2024-07-06 01:02:53,486 - INFO - Epoch [8/20], Step [140/200], Train loss: 0.0309
2024-07-06 01:03:25,321 - INFO - Epoch [8/20], Step [160/200], Train loss: 0.0188
2024-07-06 01:03:56,846 - INFO - Epoch [8/20], Step [180/200], Train loss: 0.0302
2024-07-06 01:04:26,257 - INFO - Epoch [8/20], Step [200/200], Train loss: 0.0329
2024-07-06 01:04:26,321 - INFO - Epoch [8/20], Average train loss: 0.0278
2024-07-06 01:04:33,424 - INFO - Epoch [8/20], Step [10/50], Val loss: 0.0587
2024-07-06 01:04:39,856 - INFO - Epoch [8/20], Step [20/50], Val loss: 0.0630
2024-07-06 01:04:46,274 - INFO - Epoch [8/20], Step [30/50], Val loss: 0.0548
2024-07-06 01:04:52,808 - INFO - Epoch [8/20], Step [40/50], Val loss: 0.0514
2024-07-06 01:04:58,997 - INFO - Epoch [8/20], Step [50/50], Val loss: 0.0508
2024-07-06 01:04:59,051 - INFO - Epoch [8/20], Average validation loss: 0.0472
2024-07-06 01:05:31,461 - INFO - Epoch [9/20], Step [20/200], Train loss: 0.0358
2024-07-06 01:06:02,849 - INFO - Epoch [9/20], Step [40/200], Train loss: 0.0096
2024-07-06 01:06:34,487 - INFO - Epoch [9/20], Step [60/200], Train loss: 0.0192
2024-07-06 01:07:05,979 - INFO - Epoch [9/20], Step [80/200], Train loss: 0.0313
2024-07-06 01:07:37,462 - INFO - Epoch [9/20], Step [100/200], Train loss: 0.0306
2024-07-06 01:08:08,757 - INFO - Epoch [9/20], Step [120/200], Train loss: 0.0454
2024-07-06 01:08:40,269 - INFO - Epoch [9/20], Step [140/200], Train loss: 0.0131
2024-07-06 01:09:11,624 - INFO - Epoch [9/20], Step [160/200], Train loss: 0.0297
2024-07-06 01:09:42,883 - INFO - Epoch [9/20], Step [180/200], Train loss: 0.0351
2024-07-06 01:10:11,967 - INFO - Epoch [9/20], Step [200/200], Train loss: 0.0307
2024-07-06 01:10:12,032 - INFO - Epoch [9/20], Average train loss: 0.0251
2024-07-06 01:10:18,984 - INFO - Epoch [9/20], Step [10/50], Val loss: 0.0442
2024-07-06 01:10:25,364 - INFO - Epoch [9/20], Step [20/50], Val loss: 0.0482
2024-07-06 01:10:31,687 - INFO - Epoch [9/20], Step [30/50], Val loss: 0.0535
2024-07-06 01:10:38,094 - INFO - Epoch [9/20], Step [40/50], Val loss: 0.0511
2024-07-06 01:10:44,286 - INFO - Epoch [9/20], Step [50/50], Val loss: 0.0524
2024-07-06 01:10:44,341 - INFO - Epoch [9/20], Average validation loss: 0.0457
2024-07-06 01:11:16,426 - INFO - Epoch [10/20], Step [20/200], Train loss: 0.0164
2024-07-06 01:11:47,692 - INFO - Epoch [10/20], Step [40/200], Train loss: 0.0425
2024-07-06 01:12:19,185 - INFO - Epoch [10/20], Step [60/200], Train loss: 0.0167
2024-07-06 01:12:50,459 - INFO - Epoch [10/20], Step [80/200], Train loss: 0.0151
2024-07-06 01:13:21,845 - INFO - Epoch [10/20], Step [100/200], Train loss: 0.0246
2024-07-06 01:13:53,411 - INFO - Epoch [10/20], Step [120/200], Train loss: 0.0081
2024-07-06 01:14:24,740 - INFO - Epoch [10/20], Step [140/200], Train loss: 0.0305
2024-07-06 01:14:56,286 - INFO - Epoch [10/20], Step [160/200], Train loss: 0.0306
2024-07-06 01:15:27,627 - INFO - Epoch [10/20], Step [180/200], Train loss: 0.0127
2024-07-06 01:15:57,213 - INFO - Epoch [10/20], Step [200/200], Train loss: 0.0138
2024-07-06 01:15:57,279 - INFO - Epoch [10/20], Average train loss: 0.0232
2024-07-06 01:16:04,171 - INFO - Epoch [10/20], Step [10/50], Val loss: 0.0435
2024-07-06 01:16:10,638 - INFO - Epoch [10/20], Step [20/50], Val loss: 0.0415
2024-07-06 01:16:17,518 - INFO - Epoch [10/20], Step [30/50], Val loss: 0.0574
2024-07-06 01:16:24,106 - INFO - Epoch [10/20], Step [40/50], Val loss: 0.0552
2024-07-06 01:16:30,426 - INFO - Epoch [10/20], Step [50/50], Val loss: 0.0671
2024-07-06 01:16:30,481 - INFO - Epoch [10/20], Average validation loss: 0.0471
2024-07-06 01:17:03,417 - INFO - Epoch [11/20], Step [20/200], Train loss: 0.0179
2024-07-06 01:17:34,772 - INFO - Epoch [11/20], Step [40/200], Train loss: 0.0180
2024-07-06 01:18:05,975 - INFO - Epoch [11/20], Step [60/200], Train loss: 0.0276
2024-07-06 01:18:37,562 - INFO - Epoch [11/20], Step [80/200], Train loss: 0.0244
2024-07-06 01:19:09,361 - INFO - Epoch [11/20], Step [100/200], Train loss: 0.0134
2024-07-06 01:19:40,869 - INFO - Epoch [11/20], Step [120/200], Train loss: 0.0120
2024-07-06 01:20:12,302 - INFO - Epoch [11/20], Step [140/200], Train loss: 0.0155
2024-07-06 01:20:43,864 - INFO - Epoch [11/20], Step [160/200], Train loss: 0.0162
2024-07-06 01:21:15,464 - INFO - Epoch [11/20], Step [180/200], Train loss: 0.0464
2024-07-06 01:21:44,475 - INFO - Epoch [11/20], Step [200/200], Train loss: 0.0271
2024-07-06 01:21:44,540 - INFO - Epoch [11/20], Average train loss: 0.0215
2024-07-06 01:21:51,740 - INFO - Epoch [11/20], Step [10/50], Val loss: 0.0425
2024-07-06 01:21:58,127 - INFO - Epoch [11/20], Step [20/50], Val loss: 0.0500
2024-07-06 01:22:04,654 - INFO - Epoch [11/20], Step [30/50], Val loss: 0.0499
2024-07-06 01:22:11,387 - INFO - Epoch [11/20], Step [40/50], Val loss: 0.0579
2024-07-06 01:22:17,717 - INFO - Epoch [11/20], Step [50/50], Val loss: 0.0613
2024-07-06 01:22:17,771 - INFO - Epoch [11/20], Average validation loss: 0.0452
2024-07-06 01:22:49,976 - INFO - Epoch [12/20], Step [20/200], Train loss: 0.0142
2024-07-06 01:23:21,292 - INFO - Epoch [12/20], Step [40/200], Train loss: 0.0136
2024-07-06 01:23:52,826 - INFO - Epoch [12/20], Step [60/200], Train loss: 0.0137
2024-07-06 01:24:24,473 - INFO - Epoch [12/20], Step [80/200], Train loss: 0.0286
2024-07-06 01:24:55,747 - INFO - Epoch [12/20], Step [100/200], Train loss: 0.0161
2024-07-06 01:25:27,054 - INFO - Epoch [12/20], Step [120/200], Train loss: 0.0125
2024-07-06 01:25:58,312 - INFO - Epoch [12/20], Step [140/200], Train loss: 0.0172
2024-07-06 01:26:29,694 - INFO - Epoch [12/20], Step [160/200], Train loss: 0.0271
2024-07-06 01:27:00,961 - INFO - Epoch [12/20], Step [180/200], Train loss: 0.0174
2024-07-06 01:27:30,334 - INFO - Epoch [12/20], Step [200/200], Train loss: 0.0126
2024-07-06 01:27:30,397 - INFO - Epoch [12/20], Average train loss: 0.0200
2024-07-06 01:27:37,443 - INFO - Epoch [12/20], Step [10/50], Val loss: 0.0479
2024-07-06 01:27:43,971 - INFO - Epoch [12/20], Step [20/50], Val loss: 0.0528
2024-07-06 01:27:50,403 - INFO - Epoch [12/20], Step [30/50], Val loss: 0.0485
2024-07-06 01:27:56,769 - INFO - Epoch [12/20], Step [40/50], Val loss: 0.0611
2024-07-06 01:28:03,036 - INFO - Epoch [12/20], Step [50/50], Val loss: 0.0688
2024-07-06 01:28:03,086 - INFO - Epoch [12/20], Average validation loss: 0.0462
2024-07-06 01:28:35,696 - INFO - Epoch [13/20], Step [20/200], Train loss: 0.0140
2024-07-06 01:29:07,183 - INFO - Epoch [13/20], Step [40/200], Train loss: 0.0218
2024-07-06 01:29:38,690 - INFO - Epoch [13/20], Step [60/200], Train loss: 0.0153
2024-07-06 01:30:10,254 - INFO - Epoch [13/20], Step [80/200], Train loss: 0.0287
2024-07-06 01:30:41,540 - INFO - Epoch [13/20], Step [100/200], Train loss: 0.0102
2024-07-06 01:31:12,796 - INFO - Epoch [13/20], Step [120/200], Train loss: 0.0271
2024-07-06 01:31:43,855 - INFO - Epoch [13/20], Step [140/200], Train loss: 0.0253
2024-07-06 01:32:15,338 - INFO - Epoch [13/20], Step [160/200], Train loss: 0.0337
2024-07-06 01:32:46,831 - INFO - Epoch [13/20], Step [180/200], Train loss: 0.0080
2024-07-06 01:33:15,845 - INFO - Epoch [13/20], Step [200/200], Train loss: 0.0075
2024-07-06 01:33:15,915 - INFO - Epoch [13/20], Average train loss: 0.0189
2024-07-06 01:33:23,025 - INFO - Epoch [13/20], Step [10/50], Val loss: 0.0423
2024-07-06 01:33:29,378 - INFO - Epoch [13/20], Step [20/50], Val loss: 0.0530
2024-07-06 01:33:35,886 - INFO - Epoch [13/20], Step [30/50], Val loss: 0.0539
2024-07-06 01:33:42,340 - INFO - Epoch [13/20], Step [40/50], Val loss: 0.0586
2024-07-06 01:33:48,703 - INFO - Epoch [13/20], Step [50/50], Val loss: 0.0580
2024-07-06 01:33:48,767 - INFO - Epoch [13/20], Average validation loss: 0.0448
2024-07-06 01:34:21,013 - INFO - Epoch [14/20], Step [20/200], Train loss: 0.0181
2024-07-06 01:34:52,279 - INFO - Epoch [14/20], Step [40/200], Train loss: 0.0146
2024-07-06 01:35:23,769 - INFO - Epoch [14/20], Step [60/200], Train loss: 0.0124
2024-07-06 01:35:55,414 - INFO - Epoch [14/20], Step [80/200], Train loss: 0.0236
2024-07-06 01:36:26,870 - INFO - Epoch [14/20], Step [100/200], Train loss: 0.0172
2024-07-06 01:36:58,210 - INFO - Epoch [14/20], Step [120/200], Train loss: 0.0176
2024-07-06 01:37:29,582 - INFO - Epoch [14/20], Step [140/200], Train loss: 0.0125
2024-07-06 01:38:01,172 - INFO - Epoch [14/20], Step [160/200], Train loss: 0.0186
2024-07-06 01:38:32,914 - INFO - Epoch [14/20], Step [180/200], Train loss: 0.0178
2024-07-06 01:39:02,036 - INFO - Epoch [14/20], Step [200/200], Train loss: 0.0201
2024-07-06 01:39:02,100 - INFO - Epoch [14/20], Average train loss: 0.0183
2024-07-06 01:39:09,064 - INFO - Epoch [14/20], Step [10/50], Val loss: 0.0533
2024-07-06 01:39:15,664 - INFO - Epoch [14/20], Step [20/50], Val loss: 0.0607
2024-07-06 01:39:22,243 - INFO - Epoch [14/20], Step [30/50], Val loss: 0.0570
2024-07-06 01:39:28,501 - INFO - Epoch [14/20], Step [40/50], Val loss: 0.0641
2024-07-06 01:39:34,852 - INFO - Epoch [14/20], Step [50/50], Val loss: 0.0586
2024-07-06 01:39:34,904 - INFO - Epoch [14/20], Average validation loss: 0.0469
2024-07-06 01:40:07,324 - INFO - Epoch [15/20], Step [20/200], Train loss: 0.0223
2024-07-06 01:40:38,575 - INFO - Epoch [15/20], Step [40/200], Train loss: 0.0357
2024-07-06 01:41:09,815 - INFO - Epoch [15/20], Step [60/200], Train loss: 0.0305
2024-07-06 01:41:41,099 - INFO - Epoch [15/20], Step [80/200], Train loss: 0.0288
2024-07-06 01:42:12,421 - INFO - Epoch [15/20], Step [100/200], Train loss: 0.0085
2024-07-06 01:42:43,610 - INFO - Epoch [15/20], Step [120/200], Train loss: 0.0071
2024-07-06 01:43:14,924 - INFO - Epoch [15/20], Step [140/200], Train loss: 0.0179
2024-07-06 01:43:46,369 - INFO - Epoch [15/20], Step [160/200], Train loss: 0.0238
2024-07-06 01:44:17,819 - INFO - Epoch [15/20], Step [180/200], Train loss: 0.0126
2024-07-06 01:44:46,849 - INFO - Epoch [15/20], Step [200/200], Train loss: 0.0153
2024-07-06 01:44:46,926 - INFO - Epoch [15/20], Average train loss: 0.0173
2024-07-06 01:44:54,074 - INFO - Epoch [15/20], Step [10/50], Val loss: 0.0414
2024-07-06 01:45:00,476 - INFO - Epoch [15/20], Step [20/50], Val loss: 0.0646
2024-07-06 01:45:06,979 - INFO - Epoch [15/20], Step [30/50], Val loss: 0.0583
2024-07-06 01:45:13,504 - INFO - Epoch [15/20], Step [40/50], Val loss: 0.0493
2024-07-06 01:45:19,793 - INFO - Epoch [15/20], Step [50/50], Val loss: 0.0589
2024-07-06 01:45:19,847 - INFO - Epoch [15/20], Average validation loss: 0.0466
2024-07-06 01:45:52,405 - INFO - Epoch [16/20], Step [20/200], Train loss: 0.0128
2024-07-06 01:46:23,596 - INFO - Epoch [16/20], Step [40/200], Train loss: 0.0101
2024-07-06 01:46:54,952 - INFO - Epoch [16/20], Step [60/200], Train loss: 0.0186
2024-07-06 01:47:26,532 - INFO - Epoch [16/20], Step [80/200], Train loss: 0.0098
2024-07-06 01:47:57,898 - INFO - Epoch [16/20], Step [100/200], Train loss: 0.0136
2024-07-06 01:48:29,301 - INFO - Epoch [16/20], Step [120/200], Train loss: 0.0215
2024-07-06 01:49:00,446 - INFO - Epoch [16/20], Step [140/200], Train loss: 0.0242
2024-07-06 01:49:31,782 - INFO - Epoch [16/20], Step [160/200], Train loss: 0.0132
2024-07-06 01:50:03,435 - INFO - Epoch [16/20], Step [180/200], Train loss: 0.0083
2024-07-06 01:50:32,585 - INFO - Epoch [16/20], Step [200/200], Train loss: 0.0228
2024-07-06 01:50:32,660 - INFO - Epoch [16/20], Average train loss: 0.0162
2024-07-06 01:50:39,702 - INFO - Epoch [16/20], Step [10/50], Val loss: 0.0409
2024-07-06 01:50:46,211 - INFO - Epoch [16/20], Step [20/50], Val loss: 0.0524
2024-07-06 01:50:52,663 - INFO - Epoch [16/20], Step [30/50], Val loss: 0.0560
2024-07-06 01:50:59,185 - INFO - Epoch [16/20], Step [40/50], Val loss: 0.0526
2024-07-06 01:51:05,336 - INFO - Epoch [16/20], Step [50/50], Val loss: 0.0648
2024-07-06 01:51:05,390 - INFO - Epoch [16/20], Average validation loss: 0.0455
2024-07-06 01:51:37,654 - INFO - Epoch [17/20], Step [20/200], Train loss: 0.0260
2024-07-06 01:52:08,786 - INFO - Epoch [17/20], Step [40/200], Train loss: 0.0068
2024-07-06 01:52:40,534 - INFO - Epoch [17/20], Step [60/200], Train loss: 0.0145
2024-07-06 01:53:11,798 - INFO - Epoch [17/20], Step [80/200], Train loss: 0.0092
2024-07-06 01:53:43,747 - INFO - Epoch [17/20], Step [100/200], Train loss: 0.0110
2024-07-06 01:54:15,276 - INFO - Epoch [17/20], Step [120/200], Train loss: 0.0145
2024-07-06 01:54:46,658 - INFO - Epoch [17/20], Step [140/200], Train loss: 0.0149
2024-07-06 01:55:17,865 - INFO - Epoch [17/20], Step [160/200], Train loss: 0.0099
2024-07-06 01:55:49,236 - INFO - Epoch [17/20], Step [180/200], Train loss: 0.0184
2024-07-06 01:56:18,256 - INFO - Epoch [17/20], Step [200/200], Train loss: 0.0052
2024-07-06 01:56:18,320 - INFO - Epoch [17/20], Average train loss: 0.0149
2024-07-06 01:56:25,529 - INFO - Epoch [17/20], Step [10/50], Val loss: 0.0450
2024-07-06 01:56:31,833 - INFO - Epoch [17/20], Step [20/50], Val loss: 0.0599
2024-07-06 01:56:38,220 - INFO - Epoch [17/20], Step [30/50], Val loss: 0.0495
2024-07-06 01:56:44,698 - INFO - Epoch [17/20], Step [40/50], Val loss: 0.0596
2024-07-06 01:56:50,988 - INFO - Epoch [17/20], Step [50/50], Val loss: 0.0588
2024-07-06 01:56:51,043 - INFO - Epoch [17/20], Average validation loss: 0.0464
2024-07-06 01:57:23,903 - INFO - Epoch [18/20], Step [20/200], Train loss: 0.0305
2024-07-06 01:57:55,167 - INFO - Epoch [18/20], Step [40/200], Train loss: 0.0159
2024-07-06 01:58:26,682 - INFO - Epoch [18/20], Step [60/200], Train loss: 0.0064
2024-07-06 01:58:58,476 - INFO - Epoch [18/20], Step [80/200], Train loss: 0.0102
2024-07-06 01:59:30,123 - INFO - Epoch [18/20], Step [100/200], Train loss: 0.0053
2024-07-06 02:00:01,589 - INFO - Epoch [18/20], Step [120/200], Train loss: 0.0178
2024-07-06 02:00:32,960 - INFO - Epoch [18/20], Step [140/200], Train loss: 0.0189
2024-07-06 02:01:04,748 - INFO - Epoch [18/20], Step [160/200], Train loss: 0.0155
2024-07-06 02:01:36,380 - INFO - Epoch [18/20], Step [180/200], Train loss: 0.0140
2024-07-06 02:02:05,572 - INFO - Epoch [18/20], Step [200/200], Train loss: 0.0117
2024-07-06 02:02:05,631 - INFO - Epoch [18/20], Average train loss: 0.0150
2024-07-06 02:02:12,591 - INFO - Epoch [18/20], Step [10/50], Val loss: 0.0443
2024-07-06 02:02:19,087 - INFO - Epoch [18/20], Step [20/50], Val loss: 0.0611
2024-07-06 02:02:25,544 - INFO - Epoch [18/20], Step [30/50], Val loss: 0.0533
2024-07-06 02:02:31,876 - INFO - Epoch [18/20], Step [40/50], Val loss: 0.0552
2024-07-06 02:02:38,055 - INFO - Epoch [18/20], Step [50/50], Val loss: 0.0580
2024-07-06 02:02:38,106 - INFO - Epoch [18/20], Average validation loss: 0.0447
2024-07-06 02:03:10,548 - INFO - Epoch [19/20], Step [20/200], Train loss: 0.0173
2024-07-06 02:03:42,057 - INFO - Epoch [19/20], Step [40/200], Train loss: 0.0140
2024-07-06 02:04:13,580 - INFO - Epoch [19/20], Step [60/200], Train loss: 0.0134
2024-07-06 02:04:44,927 - INFO - Epoch [19/20], Step [80/200], Train loss: 0.0085
2024-07-06 02:05:16,695 - INFO - Epoch [19/20], Step [100/200], Train loss: 0.0102
2024-07-06 02:05:48,090 - INFO - Epoch [19/20], Step [120/200], Train loss: 0.0213
2024-07-06 02:06:19,953 - INFO - Epoch [19/20], Step [140/200], Train loss: 0.0302
2024-07-06 02:06:51,340 - INFO - Epoch [19/20], Step [160/200], Train loss: 0.0240
2024-07-06 02:07:23,329 - INFO - Epoch [19/20], Step [180/200], Train loss: 0.0177
2024-07-06 02:07:52,275 - INFO - Epoch [19/20], Step [200/200], Train loss: 0.0127
2024-07-06 02:07:52,338 - INFO - Epoch [19/20], Average train loss: 0.0138
2024-07-06 02:07:59,467 - INFO - Epoch [19/20], Step [10/50], Val loss: 0.0377
2024-07-06 02:08:05,804 - INFO - Epoch [19/20], Step [20/50], Val loss: 0.0539
2024-07-06 02:08:12,193 - INFO - Epoch [19/20], Step [30/50], Val loss: 0.0537
2024-07-06 02:08:18,685 - INFO - Epoch [19/20], Step [40/50], Val loss: 0.0519
2024-07-06 02:08:24,933 - INFO - Epoch [19/20], Step [50/50], Val loss: 0.0584
2024-07-06 02:08:24,984 - INFO - Epoch [19/20], Average validation loss: 0.0445
2024-07-06 02:08:57,549 - INFO - Epoch [20/20], Step [20/200], Train loss: 0.0128
2024-07-06 02:09:29,049 - INFO - Epoch [20/20], Step [40/200], Train loss: 0.0116
2024-07-06 02:10:00,690 - INFO - Epoch [20/20], Step [60/200], Train loss: 0.0059
2024-07-06 02:10:32,006 - INFO - Epoch [20/20], Step [80/200], Train loss: 0.0184
2024-07-06 02:11:03,454 - INFO - Epoch [20/20], Step [100/200], Train loss: 0.0111
2024-07-06 02:11:34,805 - INFO - Epoch [20/20], Step [120/200], Train loss: 0.0251
2024-07-06 02:12:06,240 - INFO - Epoch [20/20], Step [140/200], Train loss: 0.0198
2024-07-06 02:12:37,652 - INFO - Epoch [20/20], Step [160/200], Train loss: 0.0122
2024-07-06 02:13:09,422 - INFO - Epoch [20/20], Step [180/200], Train loss: 0.0314
2024-07-06 02:13:38,843 - INFO - Epoch [20/20], Step [200/200], Train loss: 0.0115
2024-07-06 02:13:38,909 - INFO - Epoch [20/20], Average train loss: 0.0135
2024-07-06 02:13:45,933 - INFO - Epoch [20/20], Step [10/50], Val loss: 0.0389
2024-07-06 02:13:52,310 - INFO - Epoch [20/20], Step [20/50], Val loss: 0.0526
2024-07-06 02:13:58,825 - INFO - Epoch [20/20], Step [30/50], Val loss: 0.0575
2024-07-06 02:14:05,212 - INFO - Epoch [20/20], Step [40/50], Val loss: 0.0578
2024-07-06 02:14:11,649 - INFO - Epoch [20/20], Step [50/50], Val loss: 0.0587
2024-07-06 02:14:11,712 - INFO - Epoch [20/20], Average validation loss: 0.0449
2024-07-06 02:14:11,715 - INFO - Best epoch 19, Lowest validation loss: 0.0445
2024-07-06 02:14:11,715 - INFO - -------------------- Finished training --------------------
2024-07-06 02:14:11,715 - INFO - -------------------- Testing Time --------------------
2024-07-06 02:14:16,319 - INFO - Batch [10/100], MSE score: 0.0495
2024-07-06 02:14:19,913 - INFO - Batch [20/100], MSE score: 0.0087
2024-07-06 02:14:23,359 - INFO - Batch [30/100], MSE score: 0.0071
2024-07-06 02:14:26,910 - INFO - Batch [40/100], MSE score: 0.0783
2024-07-06 02:14:30,372 - INFO - Batch [50/100], MSE score: 0.0477
2024-07-06 02:14:33,902 - INFO - Batch [60/100], MSE score: 0.0067
2024-07-06 02:14:37,494 - INFO - Batch [70/100], MSE score: 0.0637
2024-07-06 02:14:41,104 - INFO - Batch [80/100], MSE score: 0.0634
2024-07-06 02:14:44,782 - INFO - Batch [90/100], MSE score: 0.0080
2024-07-06 02:14:48,346 - INFO - Batch [100/100], MSE score: 0.0390
2024-07-06 02:14:48,393 - INFO - Test average metric score: 0.0404
