2024-07-06 02:14:50,933 - INFO - -------------------- Base Mode for Representation Learning is efficientnet --------------------
2024-07-06 02:14:50,933 - INFO - -------------------- Starting training --------------------
2024-07-06 02:15:18,183 - INFO - Epoch [1/20], Step [20/200], Train loss: 0.1250
2024-07-06 02:15:44,908 - INFO - Epoch [1/20], Step [40/200], Train loss: 0.0974
2024-07-06 02:16:11,807 - INFO - Epoch [1/20], Step [60/200], Train loss: 0.0801
2024-07-06 02:16:38,876 - INFO - Epoch [1/20], Step [80/200], Train loss: 0.1070
2024-07-06 02:17:05,891 - INFO - Epoch [1/20], Step [100/200], Train loss: 0.1028
2024-07-06 02:17:32,919 - INFO - Epoch [1/20], Step [120/200], Train loss: 0.0675
2024-07-06 02:17:59,902 - INFO - Epoch [1/20], Step [140/200], Train loss: 0.0483
2024-07-06 02:18:27,223 - INFO - Epoch [1/20], Step [160/200], Train loss: 0.0904
2024-07-06 02:18:54,248 - INFO - Epoch [1/20], Step [180/200], Train loss: 0.1284
2024-07-06 02:19:19,895 - INFO - Epoch [1/20], Step [200/200], Train loss: 0.0775
2024-07-06 02:19:19,946 - INFO - Epoch [1/20], Average train loss: 0.0924
2024-07-06 02:19:25,806 - INFO - Epoch [1/20], Step [10/50], Val loss: 0.0894
2024-07-06 02:19:31,095 - INFO - Epoch [1/20], Step [20/50], Val loss: 0.0569
2024-07-06 02:19:36,694 - INFO - Epoch [1/20], Step [30/50], Val loss: 0.0579
2024-07-06 02:19:41,926 - INFO - Epoch [1/20], Step [40/50], Val loss: 0.0636
2024-07-06 02:19:47,270 - INFO - Epoch [1/20], Step [50/50], Val loss: 0.0619
2024-07-06 02:19:47,324 - INFO - Epoch [1/20], Average validation loss: 0.0707
2024-07-06 02:20:15,180 - INFO - Epoch [2/20], Step [20/200], Train loss: 0.1039
2024-07-06 02:20:42,139 - INFO - Epoch [2/20], Step [40/200], Train loss: 0.1060
2024-07-06 02:21:09,260 - INFO - Epoch [2/20], Step [60/200], Train loss: 0.1188
2024-07-06 02:21:36,161 - INFO - Epoch [2/20], Step [80/200], Train loss: 0.0774
2024-07-06 02:22:03,040 - INFO - Epoch [2/20], Step [100/200], Train loss: 0.0636
2024-07-06 02:22:29,994 - INFO - Epoch [2/20], Step [120/200], Train loss: 0.0483
2024-07-06 02:22:57,065 - INFO - Epoch [2/20], Step [140/200], Train loss: 0.0823
2024-07-06 02:23:24,122 - INFO - Epoch [2/20], Step [160/200], Train loss: 0.0549
2024-07-06 02:23:51,312 - INFO - Epoch [2/20], Step [180/200], Train loss: 0.0523
2024-07-06 02:24:16,919 - INFO - Epoch [2/20], Step [200/200], Train loss: 0.0426
2024-07-06 02:24:16,982 - INFO - Epoch [2/20], Average train loss: 0.0732
2024-07-06 02:24:22,776 - INFO - Epoch [2/20], Step [10/50], Val loss: 0.0712
2024-07-06 02:24:28,177 - INFO - Epoch [2/20], Step [20/50], Val loss: 0.0365
2024-07-06 02:24:33,620 - INFO - Epoch [2/20], Step [30/50], Val loss: 0.0492
2024-07-06 02:24:38,857 - INFO - Epoch [2/20], Step [40/50], Val loss: 0.0615
2024-07-06 02:24:44,006 - INFO - Epoch [2/20], Step [50/50], Val loss: 0.0725
2024-07-06 02:24:44,054 - INFO - Epoch [2/20], Average validation loss: 0.0633
2024-07-06 02:25:11,862 - INFO - Epoch [3/20], Step [20/200], Train loss: 0.0592
2024-07-06 02:25:38,893 - INFO - Epoch [3/20], Step [40/200], Train loss: 0.0706
2024-07-06 02:26:05,883 - INFO - Epoch [3/20], Step [60/200], Train loss: 0.0810
2024-07-06 02:26:32,801 - INFO - Epoch [3/20], Step [80/200], Train loss: 0.0685
2024-07-06 02:26:59,825 - INFO - Epoch [3/20], Step [100/200], Train loss: 0.0661
2024-07-06 02:27:26,934 - INFO - Epoch [3/20], Step [120/200], Train loss: 0.0898
2024-07-06 02:27:54,054 - INFO - Epoch [3/20], Step [140/200], Train loss: 0.0373
2024-07-06 02:28:21,082 - INFO - Epoch [3/20], Step [160/200], Train loss: 0.0749
2024-07-06 02:28:48,148 - INFO - Epoch [3/20], Step [180/200], Train loss: 0.0935
2024-07-06 02:29:13,677 - INFO - Epoch [3/20], Step [200/200], Train loss: 0.0474
2024-07-06 02:29:13,741 - INFO - Epoch [3/20], Average train loss: 0.0655
2024-07-06 02:29:19,633 - INFO - Epoch [3/20], Step [10/50], Val loss: 0.0752
2024-07-06 02:29:24,949 - INFO - Epoch [3/20], Step [20/50], Val loss: 0.0498
2024-07-06 02:29:30,314 - INFO - Epoch [3/20], Step [30/50], Val loss: 0.0518
2024-07-06 02:29:35,508 - INFO - Epoch [3/20], Step [40/50], Val loss: 0.0534
2024-07-06 02:29:40,686 - INFO - Epoch [3/20], Step [50/50], Val loss: 0.0887
2024-07-06 02:29:40,740 - INFO - Epoch [3/20], Average validation loss: 0.0600
2024-07-06 02:30:08,504 - INFO - Epoch [4/20], Step [20/200], Train loss: 0.0617
2024-07-06 02:30:35,411 - INFO - Epoch [4/20], Step [40/200], Train loss: 0.0428
2024-07-06 02:31:02,264 - INFO - Epoch [4/20], Step [60/200], Train loss: 0.0589
2024-07-06 02:31:29,150 - INFO - Epoch [4/20], Step [80/200], Train loss: 0.0560
2024-07-06 02:31:56,317 - INFO - Epoch [4/20], Step [100/200], Train loss: 0.0678
2024-07-06 02:32:23,322 - INFO - Epoch [4/20], Step [120/200], Train loss: 0.0846
2024-07-06 02:32:50,228 - INFO - Epoch [4/20], Step [140/200], Train loss: 0.0460
2024-07-06 02:33:17,098 - INFO - Epoch [4/20], Step [160/200], Train loss: 0.0711
2024-07-06 02:33:43,777 - INFO - Epoch [4/20], Step [180/200], Train loss: 0.0494
2024-07-06 02:34:09,401 - INFO - Epoch [4/20], Step [200/200], Train loss: 0.0859
2024-07-06 02:34:09,463 - INFO - Epoch [4/20], Average train loss: 0.0636
2024-07-06 02:34:15,231 - INFO - Epoch [4/20], Step [10/50], Val loss: 0.0712
2024-07-06 02:34:20,603 - INFO - Epoch [4/20], Step [20/50], Val loss: 0.0384
2024-07-06 02:34:26,093 - INFO - Epoch [4/20], Step [30/50], Val loss: 0.0583
2024-07-06 02:34:31,378 - INFO - Epoch [4/20], Step [40/50], Val loss: 0.0555
2024-07-06 02:34:36,506 - INFO - Epoch [4/20], Step [50/50], Val loss: 0.0592
2024-07-06 02:34:36,559 - INFO - Epoch [4/20], Average validation loss: 0.0609
2024-07-06 02:35:04,799 - INFO - Epoch [5/20], Step [20/200], Train loss: 0.0731
2024-07-06 02:35:31,637 - INFO - Epoch [5/20], Step [40/200], Train loss: 0.0582
2024-07-06 02:35:58,699 - INFO - Epoch [5/20], Step [60/200], Train loss: 0.0560
2024-07-06 02:36:25,702 - INFO - Epoch [5/20], Step [80/200], Train loss: 0.0584
2024-07-06 02:36:52,723 - INFO - Epoch [5/20], Step [100/200], Train loss: 0.1320
2024-07-06 02:37:19,765 - INFO - Epoch [5/20], Step [120/200], Train loss: 0.0470
2024-07-06 02:37:46,862 - INFO - Epoch [5/20], Step [140/200], Train loss: 0.0387
2024-07-06 02:38:13,732 - INFO - Epoch [5/20], Step [160/200], Train loss: 0.0734
2024-07-06 02:38:40,618 - INFO - Epoch [5/20], Step [180/200], Train loss: 0.0704
2024-07-06 02:39:06,243 - INFO - Epoch [5/20], Step [200/200], Train loss: 0.0614
2024-07-06 02:39:06,306 - INFO - Epoch [5/20], Average train loss: 0.0632
2024-07-06 02:39:12,078 - INFO - Epoch [5/20], Step [10/50], Val loss: 0.0624
2024-07-06 02:39:17,454 - INFO - Epoch [5/20], Step [20/50], Val loss: 0.0336
2024-07-06 02:39:22,892 - INFO - Epoch [5/20], Step [30/50], Val loss: 0.0568
2024-07-06 02:39:28,155 - INFO - Epoch [5/20], Step [40/50], Val loss: 0.0510
2024-07-06 02:39:33,381 - INFO - Epoch [5/20], Step [50/50], Val loss: 0.0704
2024-07-06 02:39:33,434 - INFO - Epoch [5/20], Average validation loss: 0.0561
2024-07-06 02:40:01,137 - INFO - Epoch [6/20], Step [20/200], Train loss: 0.0588
2024-07-06 02:40:28,089 - INFO - Epoch [6/20], Step [40/200], Train loss: 0.0821
2024-07-06 02:40:55,062 - INFO - Epoch [6/20], Step [60/200], Train loss: 0.0758
2024-07-06 02:41:21,910 - INFO - Epoch [6/20], Step [80/200], Train loss: 0.0453
2024-07-06 02:41:48,776 - INFO - Epoch [6/20], Step [100/200], Train loss: 0.0414
2024-07-06 02:42:15,615 - INFO - Epoch [6/20], Step [120/200], Train loss: 0.0614
2024-07-06 02:42:42,651 - INFO - Epoch [6/20], Step [140/200], Train loss: 0.0660
2024-07-06 02:43:09,604 - INFO - Epoch [6/20], Step [160/200], Train loss: 0.0904
2024-07-06 02:43:36,751 - INFO - Epoch [6/20], Step [180/200], Train loss: 0.0843
2024-07-06 02:44:02,360 - INFO - Epoch [6/20], Step [200/200], Train loss: 0.0588
2024-07-06 02:44:02,417 - INFO - Epoch [6/20], Average train loss: 0.0613
2024-07-06 02:44:08,399 - INFO - Epoch [6/20], Step [10/50], Val loss: 0.0746
2024-07-06 02:44:13,739 - INFO - Epoch [6/20], Step [20/50], Val loss: 0.0302
2024-07-06 02:44:19,248 - INFO - Epoch [6/20], Step [30/50], Val loss: 0.0488
2024-07-06 02:44:24,504 - INFO - Epoch [6/20], Step [40/50], Val loss: 0.0619
2024-07-06 02:44:29,678 - INFO - Epoch [6/20], Step [50/50], Val loss: 0.0694
2024-07-06 02:44:29,730 - INFO - Epoch [6/20], Average validation loss: 0.0540
2024-07-06 02:44:57,704 - INFO - Epoch [7/20], Step [20/200], Train loss: 0.0634
2024-07-06 02:45:24,746 - INFO - Epoch [7/20], Step [40/200], Train loss: 0.0501
2024-07-06 02:45:51,669 - INFO - Epoch [7/20], Step [60/200], Train loss: 0.0790
2024-07-06 02:46:18,539 - INFO - Epoch [7/20], Step [80/200], Train loss: 0.0331
2024-07-06 02:46:45,382 - INFO - Epoch [7/20], Step [100/200], Train loss: 0.0428
2024-07-06 02:47:12,211 - INFO - Epoch [7/20], Step [120/200], Train loss: 0.0557
2024-07-06 02:47:39,137 - INFO - Epoch [7/20], Step [140/200], Train loss: 0.0600
2024-07-06 02:48:06,068 - INFO - Epoch [7/20], Step [160/200], Train loss: 0.0783
2024-07-06 02:48:33,045 - INFO - Epoch [7/20], Step [180/200], Train loss: 0.0923
2024-07-06 02:48:58,669 - INFO - Epoch [7/20], Step [200/200], Train loss: 0.0607
2024-07-06 02:48:58,730 - INFO - Epoch [7/20], Average train loss: 0.0580
2024-07-06 02:49:04,586 - INFO - Epoch [7/20], Step [10/50], Val loss: 0.0661
2024-07-06 02:49:09,900 - INFO - Epoch [7/20], Step [20/50], Val loss: 0.0256
2024-07-06 02:49:15,191 - INFO - Epoch [7/20], Step [30/50], Val loss: 0.0524
2024-07-06 02:49:20,488 - INFO - Epoch [7/20], Step [40/50], Val loss: 0.0605
2024-07-06 02:49:25,730 - INFO - Epoch [7/20], Step [50/50], Val loss: 0.0681
2024-07-06 02:49:25,784 - INFO - Epoch [7/20], Average validation loss: 0.0536
2024-07-06 02:49:53,588 - INFO - Epoch [8/20], Step [20/200], Train loss: 0.0553
2024-07-06 02:50:20,641 - INFO - Epoch [8/20], Step [40/200], Train loss: 0.0527
2024-07-06 02:50:47,471 - INFO - Epoch [8/20], Step [60/200], Train loss: 0.0536
2024-07-06 02:51:14,393 - INFO - Epoch [8/20], Step [80/200], Train loss: 0.0495
2024-07-06 02:51:41,310 - INFO - Epoch [8/20], Step [100/200], Train loss: 0.0673
2024-07-06 02:52:08,165 - INFO - Epoch [8/20], Step [120/200], Train loss: 0.0442
2024-07-06 02:52:35,136 - INFO - Epoch [8/20], Step [140/200], Train loss: 0.0504
2024-07-06 02:53:02,019 - INFO - Epoch [8/20], Step [160/200], Train loss: 0.0405
2024-07-06 02:53:29,037 - INFO - Epoch [8/20], Step [180/200], Train loss: 0.0690
2024-07-06 02:53:54,730 - INFO - Epoch [8/20], Step [200/200], Train loss: 0.0518
2024-07-06 02:53:54,793 - INFO - Epoch [8/20], Average train loss: 0.0578
2024-07-06 02:54:00,516 - INFO - Epoch [8/20], Step [10/50], Val loss: 0.0758
2024-07-06 02:54:05,824 - INFO - Epoch [8/20], Step [20/50], Val loss: 0.0315
2024-07-06 02:54:11,273 - INFO - Epoch [8/20], Step [30/50], Val loss: 0.0534
2024-07-06 02:54:16,488 - INFO - Epoch [8/20], Step [40/50], Val loss: 0.0638
2024-07-06 02:54:21,741 - INFO - Epoch [8/20], Step [50/50], Val loss: 0.0634
2024-07-06 02:54:21,794 - INFO - Epoch [8/20], Average validation loss: 0.0538
2024-07-06 02:54:50,195 - INFO - Epoch [9/20], Step [20/200], Train loss: 0.0739
2024-07-06 02:55:17,239 - INFO - Epoch [9/20], Step [40/200], Train loss: 0.0902
2024-07-06 02:55:44,290 - INFO - Epoch [9/20], Step [60/200], Train loss: 0.0553
2024-07-06 02:56:11,209 - INFO - Epoch [9/20], Step [80/200], Train loss: 0.0548
2024-07-06 02:56:38,202 - INFO - Epoch [9/20], Step [100/200], Train loss: 0.0904
2024-07-06 02:57:05,186 - INFO - Epoch [9/20], Step [120/200], Train loss: 0.0568
2024-07-06 02:57:32,303 - INFO - Epoch [9/20], Step [140/200], Train loss: 0.0457
2024-07-06 02:57:59,432 - INFO - Epoch [9/20], Step [160/200], Train loss: 0.0246
2024-07-06 02:58:26,504 - INFO - Epoch [9/20], Step [180/200], Train loss: 0.0782
2024-07-06 02:58:52,099 - INFO - Epoch [9/20], Step [200/200], Train loss: 0.0871
2024-07-06 02:58:52,176 - INFO - Epoch [9/20], Average train loss: 0.0552
2024-07-06 02:58:57,967 - INFO - Epoch [9/20], Step [10/50], Val loss: 0.0531
2024-07-06 02:59:03,245 - INFO - Epoch [9/20], Step [20/50], Val loss: 0.0318
2024-07-06 02:59:08,509 - INFO - Epoch [9/20], Step [30/50], Val loss: 0.0599
2024-07-06 02:59:13,885 - INFO - Epoch [9/20], Step [40/50], Val loss: 0.0724
2024-07-06 02:59:19,285 - INFO - Epoch [9/20], Step [50/50], Val loss: 0.0583
2024-07-06 02:59:19,345 - INFO - Epoch [9/20], Average validation loss: 0.0538
2024-07-06 02:59:47,524 - INFO - Epoch [10/20], Step [20/200], Train loss: 0.0491
2024-07-06 03:00:14,287 - INFO - Epoch [10/20], Step [40/200], Train loss: 0.0445
2024-07-06 03:00:41,167 - INFO - Epoch [10/20], Step [60/200], Train loss: 0.0178
2024-07-06 03:01:08,067 - INFO - Epoch [10/20], Step [80/200], Train loss: 0.0539
2024-07-06 03:01:34,994 - INFO - Epoch [10/20], Step [100/200], Train loss: 0.0638
2024-07-06 03:02:01,897 - INFO - Epoch [10/20], Step [120/200], Train loss: 0.0554
2024-07-06 03:02:28,920 - INFO - Epoch [10/20], Step [140/200], Train loss: 0.0552
2024-07-06 03:02:55,846 - INFO - Epoch [10/20], Step [160/200], Train loss: 0.0699
2024-07-06 03:03:23,118 - INFO - Epoch [10/20], Step [180/200], Train loss: 0.0328
2024-07-06 03:03:48,872 - INFO - Epoch [10/20], Step [200/200], Train loss: 0.0557
2024-07-06 03:03:48,935 - INFO - Epoch [10/20], Average train loss: 0.0558
2024-07-06 03:03:54,680 - INFO - Epoch [10/20], Step [10/50], Val loss: 0.0550
2024-07-06 03:04:00,077 - INFO - Epoch [10/20], Step [20/50], Val loss: 0.0274
2024-07-06 03:04:05,533 - INFO - Epoch [10/20], Step [30/50], Val loss: 0.0646
2024-07-06 03:04:10,772 - INFO - Epoch [10/20], Step [40/50], Val loss: 0.0486
2024-07-06 03:04:15,944 - INFO - Epoch [10/20], Step [50/50], Val loss: 0.0505
2024-07-06 03:04:15,998 - INFO - Epoch [10/20], Average validation loss: 0.0521
2024-07-06 03:04:43,776 - INFO - Epoch [11/20], Step [20/200], Train loss: 0.0603
2024-07-06 03:05:10,750 - INFO - Epoch [11/20], Step [40/200], Train loss: 0.0605
2024-07-06 03:05:37,758 - INFO - Epoch [11/20], Step [60/200], Train loss: 0.0622
2024-07-06 03:06:04,749 - INFO - Epoch [11/20], Step [80/200], Train loss: 0.0682
2024-07-06 03:06:31,932 - INFO - Epoch [11/20], Step [100/200], Train loss: 0.0429
2024-07-06 03:06:58,987 - INFO - Epoch [11/20], Step [120/200], Train loss: 0.0515
2024-07-06 03:07:26,061 - INFO - Epoch [11/20], Step [140/200], Train loss: 0.0444
2024-07-06 03:07:53,026 - INFO - Epoch [11/20], Step [160/200], Train loss: 0.0348
2024-07-06 03:08:20,071 - INFO - Epoch [11/20], Step [180/200], Train loss: 0.0428
2024-07-06 03:08:45,573 - INFO - Epoch [11/20], Step [200/200], Train loss: 0.1013
2024-07-06 03:08:45,636 - INFO - Epoch [11/20], Average train loss: 0.0538
2024-07-06 03:08:51,878 - INFO - Epoch [11/20], Step [10/50], Val loss: 0.0668
2024-07-06 03:08:57,153 - INFO - Epoch [11/20], Step [20/50], Val loss: 0.0303
2024-07-06 03:09:02,579 - INFO - Epoch [11/20], Step [30/50], Val loss: 0.0504
2024-07-06 03:09:07,750 - INFO - Epoch [11/20], Step [40/50], Val loss: 0.0537
2024-07-06 03:09:13,029 - INFO - Epoch [11/20], Step [50/50], Val loss: 0.0634
2024-07-06 03:09:13,077 - INFO - Epoch [11/20], Average validation loss: 0.0507
2024-07-06 03:09:40,877 - INFO - Epoch [12/20], Step [20/200], Train loss: 0.0605
2024-07-06 03:10:07,889 - INFO - Epoch [12/20], Step [40/200], Train loss: 0.0689
2024-07-06 03:10:34,721 - INFO - Epoch [12/20], Step [60/200], Train loss: 0.0923
2024-07-06 03:11:01,698 - INFO - Epoch [12/20], Step [80/200], Train loss: 0.0538
2024-07-06 03:11:28,684 - INFO - Epoch [12/20], Step [100/200], Train loss: 0.0447
2024-07-06 03:11:55,546 - INFO - Epoch [12/20], Step [120/200], Train loss: 0.0563
2024-07-06 03:12:22,895 - INFO - Epoch [12/20], Step [140/200], Train loss: 0.0523
2024-07-06 03:12:50,012 - INFO - Epoch [12/20], Step [160/200], Train loss: 0.0513
2024-07-06 03:13:17,006 - INFO - Epoch [12/20], Step [180/200], Train loss: 0.0494
2024-07-06 03:13:42,535 - INFO - Epoch [12/20], Step [200/200], Train loss: 0.0451
2024-07-06 03:13:42,596 - INFO - Epoch [12/20], Average train loss: 0.0524
2024-07-06 03:13:48,437 - INFO - Epoch [12/20], Step [10/50], Val loss: 0.0622
2024-07-06 03:13:53,915 - INFO - Epoch [12/20], Step [20/50], Val loss: 0.0278
2024-07-06 03:13:59,270 - INFO - Epoch [12/20], Step [30/50], Val loss: 0.0514
2024-07-06 03:14:04,510 - INFO - Epoch [12/20], Step [40/50], Val loss: 0.0661
2024-07-06 03:14:09,714 - INFO - Epoch [12/20], Step [50/50], Val loss: 0.0633
2024-07-06 03:14:09,767 - INFO - Epoch [12/20], Average validation loss: 0.0522
2024-07-06 03:14:38,308 - INFO - Epoch [13/20], Step [20/200], Train loss: 0.0554
2024-07-06 03:15:05,260 - INFO - Epoch [13/20], Step [40/200], Train loss: 0.0570
2024-07-06 03:15:32,202 - INFO - Epoch [13/20], Step [60/200], Train loss: 0.0461
2024-07-06 03:15:59,259 - INFO - Epoch [13/20], Step [80/200], Train loss: 0.0550
2024-07-06 03:16:26,208 - INFO - Epoch [13/20], Step [100/200], Train loss: 0.0403
2024-07-06 03:16:53,066 - INFO - Epoch [13/20], Step [120/200], Train loss: 0.0682
2024-07-06 03:17:20,000 - INFO - Epoch [13/20], Step [140/200], Train loss: 0.0683
2024-07-06 03:17:47,144 - INFO - Epoch [13/20], Step [160/200], Train loss: 0.0495
2024-07-06 03:18:14,241 - INFO - Epoch [13/20], Step [180/200], Train loss: 0.0280
2024-07-06 03:18:40,001 - INFO - Epoch [13/20], Step [200/200], Train loss: 0.0407
2024-07-06 03:18:40,073 - INFO - Epoch [13/20], Average train loss: 0.0502
2024-07-06 03:18:45,793 - INFO - Epoch [13/20], Step [10/50], Val loss: 0.0537
2024-07-06 03:18:51,243 - INFO - Epoch [13/20], Step [20/50], Val loss: 0.0282
2024-07-06 03:18:56,650 - INFO - Epoch [13/20], Step [30/50], Val loss: 0.0524
2024-07-06 03:19:01,909 - INFO - Epoch [13/20], Step [40/50], Val loss: 0.0665
2024-07-06 03:19:07,049 - INFO - Epoch [13/20], Step [50/50], Val loss: 0.0671
2024-07-06 03:19:07,102 - INFO - Epoch [13/20], Average validation loss: 0.0518
2024-07-06 03:19:35,289 - INFO - Epoch [14/20], Step [20/200], Train loss: 0.0413
2024-07-06 03:20:02,326 - INFO - Epoch [14/20], Step [40/200], Train loss: 0.0381
2024-07-06 03:20:29,388 - INFO - Epoch [14/20], Step [60/200], Train loss: 0.0320
2024-07-06 03:20:56,286 - INFO - Epoch [14/20], Step [80/200], Train loss: 0.0572
2024-07-06 03:21:23,014 - INFO - Epoch [14/20], Step [100/200], Train loss: 0.0267
2024-07-06 03:21:49,978 - INFO - Epoch [14/20], Step [120/200], Train loss: 0.0661
2024-07-06 03:22:16,864 - INFO - Epoch [14/20], Step [140/200], Train loss: 0.0330
2024-07-06 03:22:43,821 - INFO - Epoch [14/20], Step [160/200], Train loss: 0.0438
2024-07-06 03:23:10,639 - INFO - Epoch [14/20], Step [180/200], Train loss: 0.0543
2024-07-06 03:23:36,211 - INFO - Epoch [14/20], Step [200/200], Train loss: 0.0474
2024-07-06 03:23:36,273 - INFO - Epoch [14/20], Average train loss: 0.0521
2024-07-06 03:23:42,005 - INFO - Epoch [14/20], Step [10/50], Val loss: 0.0544
2024-07-06 03:23:47,311 - INFO - Epoch [14/20], Step [20/50], Val loss: 0.0340
2024-07-06 03:23:52,816 - INFO - Epoch [14/20], Step [30/50], Val loss: 0.0505
2024-07-06 03:23:58,042 - INFO - Epoch [14/20], Step [40/50], Val loss: 0.0530
2024-07-06 03:24:03,181 - INFO - Epoch [14/20], Step [50/50], Val loss: 0.0747
2024-07-06 03:24:03,227 - INFO - Epoch [14/20], Average validation loss: 0.0517
2024-07-06 03:24:31,303 - INFO - Epoch [15/20], Step [20/200], Train loss: 0.0323
2024-07-06 03:24:58,447 - INFO - Epoch [15/20], Step [40/200], Train loss: 0.0510
2024-07-06 03:25:25,391 - INFO - Epoch [15/20], Step [60/200], Train loss: 0.0509
2024-07-06 03:25:52,511 - INFO - Epoch [15/20], Step [80/200], Train loss: 0.0427
2024-07-06 03:26:19,449 - INFO - Epoch [15/20], Step [100/200], Train loss: 0.0576
2024-07-06 03:26:46,575 - INFO - Epoch [15/20], Step [120/200], Train loss: 0.0760
2024-07-06 03:27:13,615 - INFO - Epoch [15/20], Step [140/200], Train loss: 0.0369
2024-07-06 03:27:40,582 - INFO - Epoch [15/20], Step [160/200], Train loss: 0.0265
2024-07-06 03:28:07,304 - INFO - Epoch [15/20], Step [180/200], Train loss: 0.0582
2024-07-06 03:28:33,058 - INFO - Epoch [15/20], Step [200/200], Train loss: 0.0484
2024-07-06 03:28:33,122 - INFO - Epoch [15/20], Average train loss: 0.0508
2024-07-06 03:28:38,996 - INFO - Epoch [15/20], Step [10/50], Val loss: 0.0808
2024-07-06 03:28:44,283 - INFO - Epoch [15/20], Step [20/50], Val loss: 0.0384
2024-07-06 03:28:49,710 - INFO - Epoch [15/20], Step [30/50], Val loss: 0.0561
2024-07-06 03:28:55,080 - INFO - Epoch [15/20], Step [40/50], Val loss: 0.0722
2024-07-06 03:29:00,208 - INFO - Epoch [15/20], Step [50/50], Val loss: 0.0656
2024-07-06 03:29:00,263 - INFO - Epoch [15/20], Average validation loss: 0.0530
2024-07-06 03:29:28,692 - INFO - Epoch [16/20], Step [20/200], Train loss: 0.0376
2024-07-06 03:29:55,861 - INFO - Epoch [16/20], Step [40/200], Train loss: 0.0380
2024-07-06 03:30:22,821 - INFO - Epoch [16/20], Step [60/200], Train loss: 0.0364
2024-07-06 03:30:49,749 - INFO - Epoch [16/20], Step [80/200], Train loss: 0.0460
2024-07-06 03:31:16,713 - INFO - Epoch [16/20], Step [100/200], Train loss: 0.0217
2024-07-06 03:31:43,615 - INFO - Epoch [16/20], Step [120/200], Train loss: 0.0614
2024-07-06 03:32:10,681 - INFO - Epoch [16/20], Step [140/200], Train loss: 0.0812
2024-07-06 03:32:37,806 - INFO - Epoch [16/20], Step [160/200], Train loss: 0.0442
2024-07-06 03:33:04,764 - INFO - Epoch [16/20], Step [180/200], Train loss: 0.0349
2024-07-06 03:33:30,607 - INFO - Epoch [16/20], Step [200/200], Train loss: 0.0625
2024-07-06 03:33:30,668 - INFO - Epoch [16/20], Average train loss: 0.0496
2024-07-06 03:33:36,503 - INFO - Epoch [16/20], Step [10/50], Val loss: 0.0834
2024-07-06 03:33:41,804 - INFO - Epoch [16/20], Step [20/50], Val loss: 0.0262
2024-07-06 03:33:47,188 - INFO - Epoch [16/20], Step [30/50], Val loss: 0.0568
2024-07-06 03:33:52,569 - INFO - Epoch [16/20], Step [40/50], Val loss: 0.0740
2024-07-06 03:33:57,677 - INFO - Epoch [16/20], Step [50/50], Val loss: 0.0699
2024-07-06 03:33:57,730 - INFO - Epoch [16/20], Average validation loss: 0.0521
2024-07-06 03:34:25,906 - INFO - Epoch [17/20], Step [20/200], Train loss: 0.0346
2024-07-06 03:34:52,869 - INFO - Epoch [17/20], Step [40/200], Train loss: 0.0422
2024-07-06 03:35:19,795 - INFO - Epoch [17/20], Step [60/200], Train loss: 0.0402
2024-07-06 03:35:46,804 - INFO - Epoch [17/20], Step [80/200], Train loss: 0.0363
2024-07-06 03:36:13,707 - INFO - Epoch [17/20], Step [100/200], Train loss: 0.0474
2024-07-06 03:36:40,627 - INFO - Epoch [17/20], Step [120/200], Train loss: 0.0501
2024-07-06 03:37:07,835 - INFO - Epoch [17/20], Step [140/200], Train loss: 0.0470
2024-07-06 03:37:34,883 - INFO - Epoch [17/20], Step [160/200], Train loss: 0.0230
2024-07-06 03:38:01,683 - INFO - Epoch [17/20], Step [180/200], Train loss: 0.0384
2024-07-06 03:38:27,336 - INFO - Epoch [17/20], Step [200/200], Train loss: 0.0404
2024-07-06 03:38:27,397 - INFO - Epoch [17/20], Average train loss: 0.0477
2024-07-06 03:38:33,374 - INFO - Epoch [17/20], Step [10/50], Val loss: 0.0607
2024-07-06 03:38:38,722 - INFO - Epoch [17/20], Step [20/50], Val loss: 0.0197
2024-07-06 03:38:44,135 - INFO - Epoch [17/20], Step [30/50], Val loss: 0.0557
2024-07-06 03:38:49,321 - INFO - Epoch [17/20], Step [40/50], Val loss: 0.0617
2024-07-06 03:38:54,529 - INFO - Epoch [17/20], Step [50/50], Val loss: 0.0649
2024-07-06 03:38:54,582 - INFO - Epoch [17/20], Average validation loss: 0.0501
2024-07-06 03:39:22,359 - INFO - Epoch [18/20], Step [20/200], Train loss: 0.0640
2024-07-06 03:39:49,246 - INFO - Epoch [18/20], Step [40/200], Train loss: 0.0681
2024-07-06 03:40:16,163 - INFO - Epoch [18/20], Step [60/200], Train loss: 0.0395
2024-07-06 03:40:43,047 - INFO - Epoch [18/20], Step [80/200], Train loss: 0.0221
2024-07-06 03:41:09,907 - INFO - Epoch [18/20], Step [100/200], Train loss: 0.0590
2024-07-06 03:41:36,968 - INFO - Epoch [18/20], Step [120/200], Train loss: 0.0510
2024-07-06 03:42:04,086 - INFO - Epoch [18/20], Step [140/200], Train loss: 0.0700
2024-07-06 03:42:31,095 - INFO - Epoch [18/20], Step [160/200], Train loss: 0.0332
2024-07-06 03:42:57,956 - INFO - Epoch [18/20], Step [180/200], Train loss: 0.0601
2024-07-06 03:43:23,708 - INFO - Epoch [18/20], Step [200/200], Train loss: 0.0648
2024-07-06 03:43:23,766 - INFO - Epoch [18/20], Average train loss: 0.0480
2024-07-06 03:43:29,570 - INFO - Epoch [18/20], Step [10/50], Val loss: 0.0536
2024-07-06 03:43:34,878 - INFO - Epoch [18/20], Step [20/50], Val loss: 0.0277
2024-07-06 03:43:40,294 - INFO - Epoch [18/20], Step [30/50], Val loss: 0.0608
2024-07-06 03:43:45,466 - INFO - Epoch [18/20], Step [40/50], Val loss: 0.0628
2024-07-06 03:43:50,667 - INFO - Epoch [18/20], Step [50/50], Val loss: 0.0606
2024-07-06 03:43:50,723 - INFO - Epoch [18/20], Average validation loss: 0.0501
2024-07-06 03:44:19,137 - INFO - Epoch [19/20], Step [20/200], Train loss: 0.0617
2024-07-06 03:44:46,242 - INFO - Epoch [19/20], Step [40/200], Train loss: 0.0497
2024-07-06 03:45:13,244 - INFO - Epoch [19/20], Step [60/200], Train loss: 0.0309
2024-07-06 03:45:40,246 - INFO - Epoch [19/20], Step [80/200], Train loss: 0.0275
2024-07-06 03:46:07,248 - INFO - Epoch [19/20], Step [100/200], Train loss: 0.0582
2024-07-06 03:46:34,179 - INFO - Epoch [19/20], Step [120/200], Train loss: 0.0627
2024-07-06 03:47:01,073 - INFO - Epoch [19/20], Step [140/200], Train loss: 0.0477
2024-07-06 03:47:28,259 - INFO - Epoch [19/20], Step [160/200], Train loss: 0.0552
2024-07-06 03:47:55,310 - INFO - Epoch [19/20], Step [180/200], Train loss: 0.0600
2024-07-06 03:48:20,959 - INFO - Epoch [19/20], Step [200/200], Train loss: 0.0423
2024-07-06 03:48:21,020 - INFO - Epoch [19/20], Average train loss: 0.0464
2024-07-06 03:48:26,792 - INFO - Epoch [19/20], Step [10/50], Val loss: 0.0547
2024-07-06 03:48:32,227 - INFO - Epoch [19/20], Step [20/50], Val loss: 0.0230
2024-07-06 03:48:37,629 - INFO - Epoch [19/20], Step [30/50], Val loss: 0.0567
2024-07-06 03:48:42,820 - INFO - Epoch [19/20], Step [40/50], Val loss: 0.0612
2024-07-06 03:48:47,998 - INFO - Epoch [19/20], Step [50/50], Val loss: 0.0650
2024-07-06 03:48:48,046 - INFO - Epoch [19/20], Average validation loss: 0.0496
2024-07-06 03:49:16,250 - INFO - Epoch [20/20], Step [20/200], Train loss: 0.0837
2024-07-06 03:49:43,143 - INFO - Epoch [20/20], Step [40/200], Train loss: 0.0464
2024-07-06 03:50:10,319 - INFO - Epoch [20/20], Step [60/200], Train loss: 0.0388
2024-07-06 03:50:37,281 - INFO - Epoch [20/20], Step [80/200], Train loss: 0.0635
2024-07-06 03:51:04,371 - INFO - Epoch [20/20], Step [100/200], Train loss: 0.0433
2024-07-06 03:51:31,399 - INFO - Epoch [20/20], Step [120/200], Train loss: 0.0267
2024-07-06 03:51:58,417 - INFO - Epoch [20/20], Step [140/200], Train loss: 0.0754
2024-07-06 03:52:25,465 - INFO - Epoch [20/20], Step [160/200], Train loss: 0.0849
2024-07-06 03:52:52,542 - INFO - Epoch [20/20], Step [180/200], Train loss: 0.0513
2024-07-06 03:53:18,324 - INFO - Epoch [20/20], Step [200/200], Train loss: 0.0710
2024-07-06 03:53:18,387 - INFO - Epoch [20/20], Average train loss: 0.0492
2024-07-06 03:53:24,187 - INFO - Epoch [20/20], Step [10/50], Val loss: 0.0700
2024-07-06 03:53:29,521 - INFO - Epoch [20/20], Step [20/50], Val loss: 0.0337
2024-07-06 03:53:35,055 - INFO - Epoch [20/20], Step [30/50], Val loss: 0.0569
2024-07-06 03:53:40,247 - INFO - Epoch [20/20], Step [40/50], Val loss: 0.0727
2024-07-06 03:53:45,410 - INFO - Epoch [20/20], Step [50/50], Val loss: 0.0774
2024-07-06 03:53:45,462 - INFO - Epoch [20/20], Average validation loss: 0.0509
2024-07-06 03:53:45,465 - INFO - Best epoch 19, Lowest validation loss: 0.0496
2024-07-06 03:53:45,465 - INFO - -------------------- Finished training --------------------
2024-07-06 03:53:45,465 - INFO - -------------------- Testing Time --------------------
2024-07-06 03:53:48,675 - INFO - Batch [10/100], MSE score: 0.0557
2024-07-06 03:53:51,352 - INFO - Batch [20/100], MSE score: 0.0103
2024-07-06 03:53:54,161 - INFO - Batch [30/100], MSE score: 0.0290
2024-07-06 03:53:56,787 - INFO - Batch [40/100], MSE score: 0.0714
2024-07-06 03:53:59,644 - INFO - Batch [50/100], MSE score: 0.0518
2024-07-06 03:54:02,258 - INFO - Batch [60/100], MSE score: 0.0162
2024-07-06 03:54:04,993 - INFO - Batch [70/100], MSE score: 0.0763
2024-07-06 03:54:07,629 - INFO - Batch [80/100], MSE score: 0.0325
2024-07-06 03:54:10,272 - INFO - Batch [90/100], MSE score: 0.0427
2024-07-06 03:54:12,763 - INFO - Batch [100/100], MSE score: 0.0624
2024-07-06 03:54:12,814 - INFO - Test average metric score: 0.0539
