2024-07-05 23:36:43,459 - INFO - -------------------- Base Mode for Representation Learning is resnet18 --------------------
2024-07-05 23:36:43,459 - INFO - -------------------- Starting training --------------------
2024-07-05 23:36:48,672 - INFO - Epoch [1/20], Step [20/200], Train loss: 0.1223
2024-07-05 23:36:52,893 - INFO - Epoch [1/20], Step [40/200], Train loss: 0.0876
2024-07-05 23:36:57,458 - INFO - Epoch [1/20], Step [60/200], Train loss: 0.0672
2024-07-05 23:37:02,138 - INFO - Epoch [1/20], Step [80/200], Train loss: 0.0974
2024-07-05 23:37:07,540 - INFO - Epoch [1/20], Step [100/200], Train loss: 0.0787
2024-07-05 23:37:12,428 - INFO - Epoch [1/20], Step [120/200], Train loss: 0.0532
2024-07-05 23:37:17,350 - INFO - Epoch [1/20], Step [140/200], Train loss: 0.0660
2024-07-05 23:37:21,948 - INFO - Epoch [1/20], Step [160/200], Train loss: 0.0972
2024-07-05 23:37:26,756 - INFO - Epoch [1/20], Step [180/200], Train loss: 0.0637
2024-07-05 23:37:30,528 - INFO - Epoch [1/20], Step [200/200], Train loss: 0.1241
2024-07-05 23:37:30,554 - INFO - Epoch [1/20], Average train loss: 0.0917
2024-07-05 23:37:31,848 - INFO - Epoch [1/20], Step [10/50], Val loss: 0.0657
2024-07-05 23:37:32,839 - INFO - Epoch [1/20], Step [20/50], Val loss: 0.0412
2024-07-05 23:37:33,782 - INFO - Epoch [1/20], Step [30/50], Val loss: 0.0534
2024-07-05 23:37:34,632 - INFO - Epoch [1/20], Step [40/50], Val loss: 0.0439
2024-07-05 23:37:35,647 - INFO - Epoch [1/20], Step [50/50], Val loss: 0.0821
2024-07-05 23:37:35,677 - INFO - Epoch [1/20], Average validation loss: 0.0680
2024-07-05 23:37:41,257 - INFO - Epoch [2/20], Step [20/200], Train loss: 0.0570
2024-07-05 23:37:45,917 - INFO - Epoch [2/20], Step [40/200], Train loss: 0.0624
2024-07-05 23:37:51,076 - INFO - Epoch [2/20], Step [60/200], Train loss: 0.0472
2024-07-05 23:37:56,002 - INFO - Epoch [2/20], Step [80/200], Train loss: 0.0548
2024-07-05 23:38:01,325 - INFO - Epoch [2/20], Step [100/200], Train loss: 0.0806
2024-07-05 23:38:06,620 - INFO - Epoch [2/20], Step [120/200], Train loss: 0.0692
2024-07-05 23:38:11,255 - INFO - Epoch [2/20], Step [140/200], Train loss: 0.0788
2024-07-05 23:38:16,196 - INFO - Epoch [2/20], Step [160/200], Train loss: 0.0648
2024-07-05 23:38:21,010 - INFO - Epoch [2/20], Step [180/200], Train loss: 0.0684
2024-07-05 23:38:25,138 - INFO - Epoch [2/20], Step [200/200], Train loss: 0.0755
2024-07-05 23:38:25,169 - INFO - Epoch [2/20], Average train loss: 0.0684
2024-07-05 23:38:26,424 - INFO - Epoch [2/20], Step [10/50], Val loss: 0.0579
2024-07-05 23:38:27,475 - INFO - Epoch [2/20], Step [20/50], Val loss: 0.0275
2024-07-05 23:38:28,387 - INFO - Epoch [2/20], Step [30/50], Val loss: 0.0483
2024-07-05 23:38:29,312 - INFO - Epoch [2/20], Step [40/50], Val loss: 0.0454
2024-07-05 23:38:30,395 - INFO - Epoch [2/20], Step [50/50], Val loss: 0.0705
2024-07-05 23:38:30,419 - INFO - Epoch [2/20], Average validation loss: 0.0583
2024-07-05 23:38:36,311 - INFO - Epoch [3/20], Step [20/200], Train loss: 0.0609
2024-07-05 23:38:41,500 - INFO - Epoch [3/20], Step [40/200], Train loss: 0.0407
2024-07-05 23:38:46,644 - INFO - Epoch [3/20], Step [60/200], Train loss: 0.0506
2024-07-05 23:38:51,794 - INFO - Epoch [3/20], Step [80/200], Train loss: 0.0889
2024-07-05 23:38:56,587 - INFO - Epoch [3/20], Step [100/200], Train loss: 0.1072
2024-07-05 23:39:01,120 - INFO - Epoch [3/20], Step [120/200], Train loss: 0.0671
2024-07-05 23:39:05,471 - INFO - Epoch [3/20], Step [140/200], Train loss: 0.0806
2024-07-05 23:39:10,240 - INFO - Epoch [3/20], Step [160/200], Train loss: 0.0900
2024-07-05 23:39:15,289 - INFO - Epoch [3/20], Step [180/200], Train loss: 0.0394
2024-07-05 23:39:19,476 - INFO - Epoch [3/20], Step [200/200], Train loss: 0.0672
2024-07-05 23:39:19,511 - INFO - Epoch [3/20], Average train loss: 0.0646
2024-07-05 23:39:20,894 - INFO - Epoch [3/20], Step [10/50], Val loss: 0.0468
2024-07-05 23:39:21,828 - INFO - Epoch [3/20], Step [20/50], Val loss: 0.0198
2024-07-05 23:39:22,841 - INFO - Epoch [3/20], Step [30/50], Val loss: 0.0420
2024-07-05 23:39:23,742 - INFO - Epoch [3/20], Step [40/50], Val loss: 0.0459
2024-07-05 23:39:24,604 - INFO - Epoch [3/20], Step [50/50], Val loss: 0.0553
2024-07-05 23:39:24,625 - INFO - Epoch [3/20], Average validation loss: 0.0517
2024-07-05 23:39:30,279 - INFO - Epoch [4/20], Step [20/200], Train loss: 0.0749
2024-07-05 23:39:34,919 - INFO - Epoch [4/20], Step [40/200], Train loss: 0.0332
2024-07-05 23:39:39,754 - INFO - Epoch [4/20], Step [60/200], Train loss: 0.0460
2024-07-05 23:39:44,448 - INFO - Epoch [4/20], Step [80/200], Train loss: 0.0482
2024-07-05 23:39:49,261 - INFO - Epoch [4/20], Step [100/200], Train loss: 0.0492
2024-07-05 23:39:53,741 - INFO - Epoch [4/20], Step [120/200], Train loss: 0.0537
2024-07-05 23:39:58,396 - INFO - Epoch [4/20], Step [140/200], Train loss: 0.1215
2024-07-05 23:40:03,058 - INFO - Epoch [4/20], Step [160/200], Train loss: 0.0585
2024-07-05 23:40:07,717 - INFO - Epoch [4/20], Step [180/200], Train loss: 0.0569
2024-07-05 23:40:12,563 - INFO - Epoch [4/20], Step [200/200], Train loss: 0.0695
2024-07-05 23:40:12,591 - INFO - Epoch [4/20], Average train loss: 0.0591
2024-07-05 23:40:13,969 - INFO - Epoch [4/20], Step [10/50], Val loss: 0.0435
2024-07-05 23:40:14,995 - INFO - Epoch [4/20], Step [20/50], Val loss: 0.0190
2024-07-05 23:40:16,065 - INFO - Epoch [4/20], Step [30/50], Val loss: 0.0410
2024-07-05 23:40:16,964 - INFO - Epoch [4/20], Step [40/50], Val loss: 0.0551
2024-07-05 23:40:17,848 - INFO - Epoch [4/20], Step [50/50], Val loss: 0.0587
2024-07-05 23:40:17,871 - INFO - Epoch [4/20], Average validation loss: 0.0581
2024-07-05 23:40:23,591 - INFO - Epoch [5/20], Step [20/200], Train loss: 0.0813
2024-07-05 23:40:28,169 - INFO - Epoch [5/20], Step [40/200], Train loss: 0.0434
2024-07-05 23:40:33,486 - INFO - Epoch [5/20], Step [60/200], Train loss: 0.0817
2024-07-05 23:40:38,783 - INFO - Epoch [5/20], Step [80/200], Train loss: 0.0570
2024-07-05 23:40:43,940 - INFO - Epoch [5/20], Step [100/200], Train loss: 0.0611
2024-07-05 23:40:48,631 - INFO - Epoch [5/20], Step [120/200], Train loss: 0.0906
2024-07-05 23:40:53,204 - INFO - Epoch [5/20], Step [140/200], Train loss: 0.0446
2024-07-05 23:40:57,982 - INFO - Epoch [5/20], Step [160/200], Train loss: 0.0626
2024-07-05 23:41:02,610 - INFO - Epoch [5/20], Step [180/200], Train loss: 0.0546
2024-07-05 23:41:07,006 - INFO - Epoch [5/20], Step [200/200], Train loss: 0.0641
2024-07-05 23:41:07,037 - INFO - Epoch [5/20], Average train loss: 0.0568
2024-07-05 23:41:08,551 - INFO - Epoch [5/20], Step [10/50], Val loss: 0.0554
2024-07-05 23:41:09,465 - INFO - Epoch [5/20], Step [20/50], Val loss: 0.0330
2024-07-05 23:41:10,603 - INFO - Epoch [5/20], Step [30/50], Val loss: 0.0493
2024-07-05 23:41:11,555 - INFO - Epoch [5/20], Step [40/50], Val loss: 0.0453
2024-07-05 23:41:12,425 - INFO - Epoch [5/20], Step [50/50], Val loss: 0.0523
2024-07-05 23:41:12,446 - INFO - Epoch [5/20], Average validation loss: 0.0509
2024-07-05 23:41:18,725 - INFO - Epoch [6/20], Step [20/200], Train loss: 0.0407
2024-07-05 23:41:23,768 - INFO - Epoch [6/20], Step [40/200], Train loss: 0.0501
2024-07-05 23:41:28,431 - INFO - Epoch [6/20], Step [60/200], Train loss: 0.0486
2024-07-05 23:41:33,780 - INFO - Epoch [6/20], Step [80/200], Train loss: 0.0501
2024-07-05 23:41:39,063 - INFO - Epoch [6/20], Step [100/200], Train loss: 0.0718
2024-07-05 23:41:44,282 - INFO - Epoch [6/20], Step [120/200], Train loss: 0.0388
2024-07-05 23:41:49,572 - INFO - Epoch [6/20], Step [140/200], Train loss: 0.1080
2024-07-05 23:41:54,221 - INFO - Epoch [6/20], Step [160/200], Train loss: 0.0440
2024-07-05 23:41:59,022 - INFO - Epoch [6/20], Step [180/200], Train loss: 0.0447
2024-07-05 23:42:02,927 - INFO - Epoch [6/20], Step [200/200], Train loss: 0.0439
2024-07-05 23:42:02,955 - INFO - Epoch [6/20], Average train loss: 0.0542
2024-07-05 23:42:04,232 - INFO - Epoch [6/20], Step [10/50], Val loss: 0.0437
2024-07-05 23:42:05,190 - INFO - Epoch [6/20], Step [20/50], Val loss: 0.0256
2024-07-05 23:42:06,086 - INFO - Epoch [6/20], Step [30/50], Val loss: 0.0435
2024-07-05 23:42:06,934 - INFO - Epoch [6/20], Step [40/50], Val loss: 0.0481
2024-07-05 23:42:07,739 - INFO - Epoch [6/20], Step [50/50], Val loss: 0.0504
2024-07-05 23:42:07,759 - INFO - Epoch [6/20], Average validation loss: 0.0474
2024-07-05 23:42:13,607 - INFO - Epoch [7/20], Step [20/200], Train loss: 0.0446
2024-07-05 23:42:18,582 - INFO - Epoch [7/20], Step [40/200], Train loss: 0.0436
2024-07-05 23:42:23,270 - INFO - Epoch [7/20], Step [60/200], Train loss: 0.0499
2024-07-05 23:42:28,348 - INFO - Epoch [7/20], Step [80/200], Train loss: 0.0350
2024-07-05 23:42:34,522 - INFO - Epoch [7/20], Step [100/200], Train loss: 0.0502
2024-07-05 23:42:39,950 - INFO - Epoch [7/20], Step [120/200], Train loss: 0.0480
2024-07-05 23:42:45,214 - INFO - Epoch [7/20], Step [140/200], Train loss: 0.0464
2024-07-05 23:42:50,450 - INFO - Epoch [7/20], Step [160/200], Train loss: 0.0274
2024-07-05 23:42:55,650 - INFO - Epoch [7/20], Step [180/200], Train loss: 0.0328
2024-07-05 23:43:00,448 - INFO - Epoch [7/20], Step [200/200], Train loss: 0.0361
2024-07-05 23:43:00,478 - INFO - Epoch [7/20], Average train loss: 0.0518
2024-07-05 23:43:02,126 - INFO - Epoch [7/20], Step [10/50], Val loss: 0.0367
2024-07-05 23:43:03,446 - INFO - Epoch [7/20], Step [20/50], Val loss: 0.0128
2024-07-05 23:43:04,648 - INFO - Epoch [7/20], Step [30/50], Val loss: 0.0463
2024-07-05 23:43:05,647 - INFO - Epoch [7/20], Step [40/50], Val loss: 0.0379
2024-07-05 23:43:06,771 - INFO - Epoch [7/20], Step [50/50], Val loss: 0.0488
2024-07-05 23:43:06,795 - INFO - Epoch [7/20], Average validation loss: 0.0459
2024-07-05 23:43:13,538 - INFO - Epoch [8/20], Step [20/200], Train loss: 0.0533
2024-07-05 23:43:19,293 - INFO - Epoch [8/20], Step [40/200], Train loss: 0.0602
2024-07-05 23:43:24,553 - INFO - Epoch [8/20], Step [60/200], Train loss: 0.0544
2024-07-05 23:43:30,119 - INFO - Epoch [8/20], Step [80/200], Train loss: 0.0469
2024-07-05 23:43:35,841 - INFO - Epoch [8/20], Step [100/200], Train loss: 0.0420
2024-07-05 23:43:41,154 - INFO - Epoch [8/20], Step [120/200], Train loss: 0.0468
2024-07-05 23:43:46,608 - INFO - Epoch [8/20], Step [140/200], Train loss: 0.0501
2024-07-05 23:43:52,022 - INFO - Epoch [8/20], Step [160/200], Train loss: 0.0599
2024-07-05 23:43:57,560 - INFO - Epoch [8/20], Step [180/200], Train loss: 0.0616
2024-07-05 23:44:02,758 - INFO - Epoch [8/20], Step [200/200], Train loss: 0.0647
2024-07-05 23:44:02,792 - INFO - Epoch [8/20], Average train loss: 0.0493
2024-07-05 23:44:04,255 - INFO - Epoch [8/20], Step [10/50], Val loss: 0.0395
2024-07-05 23:44:05,446 - INFO - Epoch [8/20], Step [20/50], Val loss: 0.0241
2024-07-05 23:44:06,558 - INFO - Epoch [8/20], Step [30/50], Val loss: 0.0420
2024-07-05 23:44:07,459 - INFO - Epoch [8/20], Step [40/50], Val loss: 0.0464
2024-07-05 23:44:08,588 - INFO - Epoch [8/20], Step [50/50], Val loss: 0.0546
2024-07-05 23:44:08,612 - INFO - Epoch [8/20], Average validation loss: 0.0440
2024-07-05 23:44:14,892 - INFO - Epoch [9/20], Step [20/200], Train loss: 0.0647
2024-07-05 23:44:20,495 - INFO - Epoch [9/20], Step [40/200], Train loss: 0.0469
2024-07-05 23:44:25,818 - INFO - Epoch [9/20], Step [60/200], Train loss: 0.0497
2024-07-05 23:44:31,476 - INFO - Epoch [9/20], Step [80/200], Train loss: 0.0551
2024-07-05 23:44:36,867 - INFO - Epoch [9/20], Step [100/200], Train loss: 0.0788
2024-07-05 23:44:42,221 - INFO - Epoch [9/20], Step [120/200], Train loss: 0.0532
2024-07-05 23:44:47,992 - INFO - Epoch [9/20], Step [140/200], Train loss: 0.0342
2024-07-05 23:44:53,731 - INFO - Epoch [9/20], Step [160/200], Train loss: 0.0631
2024-07-05 23:44:59,585 - INFO - Epoch [9/20], Step [180/200], Train loss: 0.0517
2024-07-05 23:45:05,040 - INFO - Epoch [9/20], Step [200/200], Train loss: 0.0341
2024-07-05 23:45:05,067 - INFO - Epoch [9/20], Average train loss: 0.0456
2024-07-05 23:45:06,739 - INFO - Epoch [9/20], Step [10/50], Val loss: 0.0350
2024-07-05 23:45:07,972 - INFO - Epoch [9/20], Step [20/50], Val loss: 0.0163
2024-07-05 23:45:09,251 - INFO - Epoch [9/20], Step [30/50], Val loss: 0.0422
2024-07-05 23:45:10,464 - INFO - Epoch [9/20], Step [40/50], Val loss: 0.0478
2024-07-05 23:45:11,680 - INFO - Epoch [9/20], Step [50/50], Val loss: 0.0497
2024-07-05 23:45:11,707 - INFO - Epoch [9/20], Average validation loss: 0.0426
2024-07-05 23:45:18,846 - INFO - Epoch [10/20], Step [20/200], Train loss: 0.0720
2024-07-05 23:45:24,796 - INFO - Epoch [10/20], Step [40/200], Train loss: 0.0533
2024-07-05 23:45:30,435 - INFO - Epoch [10/20], Step [60/200], Train loss: 0.0309
2024-07-05 23:45:36,153 - INFO - Epoch [10/20], Step [80/200], Train loss: 0.0201
2024-07-05 23:45:41,132 - INFO - Epoch [10/20], Step [100/200], Train loss: 0.0330
2024-07-05 23:45:46,363 - INFO - Epoch [10/20], Step [120/200], Train loss: 0.0758
2024-07-05 23:45:51,699 - INFO - Epoch [10/20], Step [140/200], Train loss: 0.0524
2024-07-05 23:45:56,024 - INFO - Epoch [10/20], Step [160/200], Train loss: 0.0638
2024-07-05 23:46:00,782 - INFO - Epoch [10/20], Step [180/200], Train loss: 0.0350
2024-07-05 23:46:04,769 - INFO - Epoch [10/20], Step [200/200], Train loss: 0.0642
2024-07-05 23:46:04,796 - INFO - Epoch [10/20], Average train loss: 0.0454
2024-07-05 23:46:06,101 - INFO - Epoch [10/20], Step [10/50], Val loss: 0.0344
2024-07-05 23:46:07,121 - INFO - Epoch [10/20], Step [20/50], Val loss: 0.0151
2024-07-05 23:46:08,138 - INFO - Epoch [10/20], Step [30/50], Val loss: 0.0431
2024-07-05 23:46:08,964 - INFO - Epoch [10/20], Step [40/50], Val loss: 0.0472
2024-07-05 23:46:09,806 - INFO - Epoch [10/20], Step [50/50], Val loss: 0.0484
2024-07-05 23:46:09,831 - INFO - Epoch [10/20], Average validation loss: 0.0415
2024-07-05 23:46:15,554 - INFO - Epoch [11/20], Step [20/200], Train loss: 0.0310
2024-07-05 23:46:19,960 - INFO - Epoch [11/20], Step [40/200], Train loss: 0.0765
2024-07-05 23:46:24,340 - INFO - Epoch [11/20], Step [60/200], Train loss: 0.0477
2024-07-05 23:46:28,800 - INFO - Epoch [11/20], Step [80/200], Train loss: 0.0866
2024-07-05 23:46:33,306 - INFO - Epoch [11/20], Step [100/200], Train loss: 0.0298
2024-07-05 23:46:37,632 - INFO - Epoch [11/20], Step [120/200], Train loss: 0.0471
2024-07-05 23:46:42,307 - INFO - Epoch [11/20], Step [140/200], Train loss: 0.0297
2024-07-05 23:46:47,095 - INFO - Epoch [11/20], Step [160/200], Train loss: 0.0598
2024-07-05 23:46:52,180 - INFO - Epoch [11/20], Step [180/200], Train loss: 0.0259
2024-07-05 23:46:56,243 - INFO - Epoch [11/20], Step [200/200], Train loss: 0.0259
2024-07-05 23:46:56,268 - INFO - Epoch [11/20], Average train loss: 0.0430
2024-07-05 23:46:57,558 - INFO - Epoch [11/20], Step [10/50], Val loss: 0.0389
2024-07-05 23:46:58,515 - INFO - Epoch [11/20], Step [20/50], Val loss: 0.0188
2024-07-05 23:46:59,463 - INFO - Epoch [11/20], Step [30/50], Val loss: 0.0492
2024-07-05 23:47:00,344 - INFO - Epoch [11/20], Step [40/50], Val loss: 0.0513
2024-07-05 23:47:01,151 - INFO - Epoch [11/20], Step [50/50], Val loss: 0.0435
2024-07-05 23:47:01,172 - INFO - Epoch [11/20], Average validation loss: 0.0421
2024-07-05 23:47:06,490 - INFO - Epoch [12/20], Step [20/200], Train loss: 0.0333
2024-07-05 23:47:11,010 - INFO - Epoch [12/20], Step [40/200], Train loss: 0.0229
2024-07-05 23:47:15,655 - INFO - Epoch [12/20], Step [60/200], Train loss: 0.0457
2024-07-05 23:47:20,413 - INFO - Epoch [12/20], Step [80/200], Train loss: 0.0324
2024-07-05 23:47:24,773 - INFO - Epoch [12/20], Step [100/200], Train loss: 0.0352
2024-07-05 23:47:29,225 - INFO - Epoch [12/20], Step [120/200], Train loss: 0.0216
2024-07-05 23:47:33,656 - INFO - Epoch [12/20], Step [140/200], Train loss: 0.0389
2024-07-05 23:47:38,091 - INFO - Epoch [12/20], Step [160/200], Train loss: 0.0376
2024-07-05 23:47:42,727 - INFO - Epoch [12/20], Step [180/200], Train loss: 0.0292
2024-07-05 23:47:47,167 - INFO - Epoch [12/20], Step [200/200], Train loss: 0.0555
2024-07-05 23:47:47,193 - INFO - Epoch [12/20], Average train loss: 0.0407
2024-07-05 23:47:48,552 - INFO - Epoch [12/20], Step [10/50], Val loss: 0.0390
2024-07-05 23:47:49,517 - INFO - Epoch [12/20], Step [20/50], Val loss: 0.0081
2024-07-05 23:47:50,456 - INFO - Epoch [12/20], Step [30/50], Val loss: 0.0363
2024-07-05 23:47:51,297 - INFO - Epoch [12/20], Step [40/50], Val loss: 0.0531
2024-07-05 23:47:52,138 - INFO - Epoch [12/20], Step [50/50], Val loss: 0.0474
2024-07-05 23:47:52,161 - INFO - Epoch [12/20], Average validation loss: 0.0404
2024-07-05 23:47:58,244 - INFO - Epoch [13/20], Step [20/200], Train loss: 0.0307
2024-07-05 23:48:03,341 - INFO - Epoch [13/20], Step [40/200], Train loss: 0.0403
2024-07-05 23:48:07,828 - INFO - Epoch [13/20], Step [60/200], Train loss: 0.0275
2024-07-05 23:48:12,462 - INFO - Epoch [13/20], Step [80/200], Train loss: 0.0447
2024-07-05 23:48:17,230 - INFO - Epoch [13/20], Step [100/200], Train loss: 0.0427
2024-07-05 23:48:21,632 - INFO - Epoch [13/20], Step [120/200], Train loss: 0.0343
2024-07-05 23:48:25,989 - INFO - Epoch [13/20], Step [140/200], Train loss: 0.0248
2024-07-05 23:48:30,620 - INFO - Epoch [13/20], Step [160/200], Train loss: 0.0281
2024-07-05 23:48:35,433 - INFO - Epoch [13/20], Step [180/200], Train loss: 0.0364
2024-07-05 23:48:39,297 - INFO - Epoch [13/20], Step [200/200], Train loss: 0.0274
2024-07-05 23:48:39,327 - INFO - Epoch [13/20], Average train loss: 0.0397
2024-07-05 23:48:40,576 - INFO - Epoch [13/20], Step [10/50], Val loss: 0.0351
2024-07-05 23:48:41,451 - INFO - Epoch [13/20], Step [20/50], Val loss: 0.0097
2024-07-05 23:48:42,375 - INFO - Epoch [13/20], Step [30/50], Val loss: 0.0389
2024-07-05 23:48:43,236 - INFO - Epoch [13/20], Step [40/50], Val loss: 0.0536
2024-07-05 23:48:44,037 - INFO - Epoch [13/20], Step [50/50], Val loss: 0.0463
2024-07-05 23:48:44,058 - INFO - Epoch [13/20], Average validation loss: 0.0395
2024-07-05 23:48:49,496 - INFO - Epoch [14/20], Step [20/200], Train loss: 0.0451
2024-07-05 23:48:53,809 - INFO - Epoch [14/20], Step [40/200], Train loss: 0.0315
2024-07-05 23:48:58,188 - INFO - Epoch [14/20], Step [60/200], Train loss: 0.0466
2024-07-05 23:49:02,554 - INFO - Epoch [14/20], Step [80/200], Train loss: 0.0375
2024-07-05 23:49:07,084 - INFO - Epoch [14/20], Step [100/200], Train loss: 0.0242
2024-07-05 23:49:11,425 - INFO - Epoch [14/20], Step [120/200], Train loss: 0.0444
2024-07-05 23:49:15,711 - INFO - Epoch [14/20], Step [140/200], Train loss: 0.0867
2024-07-05 23:49:20,161 - INFO - Epoch [14/20], Step [160/200], Train loss: 0.0206
2024-07-05 23:49:24,629 - INFO - Epoch [14/20], Step [180/200], Train loss: 0.0484
2024-07-05 23:49:28,554 - INFO - Epoch [14/20], Step [200/200], Train loss: 0.0320
2024-07-05 23:49:28,581 - INFO - Epoch [14/20], Average train loss: 0.0406
2024-07-05 23:49:29,845 - INFO - Epoch [14/20], Step [10/50], Val loss: 0.0409
2024-07-05 23:49:30,734 - INFO - Epoch [14/20], Step [20/50], Val loss: 0.0146
2024-07-05 23:49:31,751 - INFO - Epoch [14/20], Step [30/50], Val loss: 0.0479
2024-07-05 23:49:32,647 - INFO - Epoch [14/20], Step [40/50], Val loss: 0.0568
2024-07-05 23:49:33,496 - INFO - Epoch [14/20], Step [50/50], Val loss: 0.0417
2024-07-05 23:49:33,520 - INFO - Epoch [14/20], Average validation loss: 0.0398
2024-07-05 23:49:38,855 - INFO - Epoch [15/20], Step [20/200], Train loss: 0.0263
2024-07-05 23:49:43,484 - INFO - Epoch [15/20], Step [40/200], Train loss: 0.0412
2024-07-05 23:49:47,840 - INFO - Epoch [15/20], Step [60/200], Train loss: 0.0390
2024-07-05 23:49:52,144 - INFO - Epoch [15/20], Step [80/200], Train loss: 0.0320
2024-07-05 23:49:56,438 - INFO - Epoch [15/20], Step [100/200], Train loss: 0.0167
2024-07-05 23:50:00,858 - INFO - Epoch [15/20], Step [120/200], Train loss: 0.0392
2024-07-05 23:50:05,419 - INFO - Epoch [15/20], Step [140/200], Train loss: 0.0537
2024-07-05 23:50:10,164 - INFO - Epoch [15/20], Step [160/200], Train loss: 0.0354
2024-07-05 23:50:14,664 - INFO - Epoch [15/20], Step [180/200], Train loss: 0.0631
2024-07-05 23:50:18,525 - INFO - Epoch [15/20], Step [200/200], Train loss: 0.0422
2024-07-05 23:50:18,554 - INFO - Epoch [15/20], Average train loss: 0.0380
2024-07-05 23:50:19,914 - INFO - Epoch [15/20], Step [10/50], Val loss: 0.0379
2024-07-05 23:50:20,825 - INFO - Epoch [15/20], Step [20/50], Val loss: 0.0093
2024-07-05 23:50:21,752 - INFO - Epoch [15/20], Step [30/50], Val loss: 0.0435
2024-07-05 23:50:22,622 - INFO - Epoch [15/20], Step [40/50], Val loss: 0.0532
2024-07-05 23:50:23,416 - INFO - Epoch [15/20], Step [50/50], Val loss: 0.0460
2024-07-05 23:50:23,438 - INFO - Epoch [15/20], Average validation loss: 0.0395
2024-07-05 23:50:28,992 - INFO - Epoch [16/20], Step [20/200], Train loss: 0.0512
2024-07-05 23:50:33,474 - INFO - Epoch [16/20], Step [40/200], Train loss: 0.0290
2024-07-05 23:50:38,319 - INFO - Epoch [16/20], Step [60/200], Train loss: 0.0389
2024-07-05 23:50:42,947 - INFO - Epoch [16/20], Step [80/200], Train loss: 0.0332
2024-07-05 23:50:47,637 - INFO - Epoch [16/20], Step [100/200], Train loss: 0.0475
2024-07-05 23:50:51,972 - INFO - Epoch [16/20], Step [120/200], Train loss: 0.0421
2024-07-05 23:50:56,613 - INFO - Epoch [16/20], Step [140/200], Train loss: 0.0535
2024-07-05 23:51:01,414 - INFO - Epoch [16/20], Step [160/200], Train loss: 0.0525
2024-07-05 23:51:06,302 - INFO - Epoch [16/20], Step [180/200], Train loss: 0.0829
2024-07-05 23:51:10,201 - INFO - Epoch [16/20], Step [200/200], Train loss: 0.0166
2024-07-05 23:51:10,230 - INFO - Epoch [16/20], Average train loss: 0.0376
2024-07-05 23:51:11,551 - INFO - Epoch [16/20], Step [10/50], Val loss: 0.0405
2024-07-05 23:51:12,422 - INFO - Epoch [16/20], Step [20/50], Val loss: 0.0097
2024-07-05 23:51:13,367 - INFO - Epoch [16/20], Step [30/50], Val loss: 0.0435
2024-07-05 23:51:14,184 - INFO - Epoch [16/20], Step [40/50], Val loss: 0.0561
2024-07-05 23:51:14,978 - INFO - Epoch [16/20], Step [50/50], Val loss: 0.0437
2024-07-05 23:51:15,000 - INFO - Epoch [16/20], Average validation loss: 0.0394
2024-07-05 23:51:20,244 - INFO - Epoch [17/20], Step [20/200], Train loss: 0.0351
2024-07-05 23:51:24,724 - INFO - Epoch [17/20], Step [40/200], Train loss: 0.0224
2024-07-05 23:51:29,305 - INFO - Epoch [17/20], Step [60/200], Train loss: 0.0474
2024-07-05 23:51:33,840 - INFO - Epoch [17/20], Step [80/200], Train loss: 0.0573
2024-07-05 23:51:38,257 - INFO - Epoch [17/20], Step [100/200], Train loss: 0.0239
2024-07-05 23:51:42,755 - INFO - Epoch [17/20], Step [120/200], Train loss: 0.0339
2024-07-05 23:51:47,551 - INFO - Epoch [17/20], Step [140/200], Train loss: 0.0459
2024-07-05 23:51:52,050 - INFO - Epoch [17/20], Step [160/200], Train loss: 0.0300
2024-07-05 23:51:56,931 - INFO - Epoch [17/20], Step [180/200], Train loss: 0.0497
2024-07-05 23:52:00,973 - INFO - Epoch [17/20], Step [200/200], Train loss: 0.0224
2024-07-05 23:52:01,001 - INFO - Epoch [17/20], Average train loss: 0.0371
2024-07-05 23:52:02,423 - INFO - Epoch [17/20], Step [10/50], Val loss: 0.0463
2024-07-05 23:52:03,371 - INFO - Epoch [17/20], Step [20/50], Val loss: 0.0082
2024-07-05 23:52:04,776 - INFO - Epoch [17/20], Step [30/50], Val loss: 0.0421
2024-07-05 23:52:05,733 - INFO - Epoch [17/20], Step [40/50], Val loss: 0.0520
2024-07-05 23:52:06,708 - INFO - Epoch [17/20], Step [50/50], Val loss: 0.0398
2024-07-05 23:52:06,729 - INFO - Epoch [17/20], Average validation loss: 0.0382
2024-07-05 23:52:13,367 - INFO - Epoch [18/20], Step [20/200], Train loss: 0.0375
2024-07-06 00:08:14,734 - INFO - Epoch [18/20], Step [40/200], Train loss: 0.0687
2024-07-06 00:08:28,304 - INFO - Epoch [18/20], Step [60/200], Train loss: 0.0210
2024-07-06 00:08:42,347 - INFO - Epoch [18/20], Step [80/200], Train loss: 0.0370
2024-07-06 00:08:55,968 - INFO - Epoch [18/20], Step [100/200], Train loss: 0.0567
2024-07-06 00:09:08,997 - INFO - Epoch [18/20], Step [120/200], Train loss: 0.0650
2024-07-06 00:09:21,801 - INFO - Epoch [18/20], Step [140/200], Train loss: 0.0353
2024-07-06 00:09:34,252 - INFO - Epoch [18/20], Step [160/200], Train loss: 0.0438
2024-07-06 00:09:46,776 - INFO - Epoch [18/20], Step [180/200], Train loss: 0.0651
2024-07-06 00:09:57,888 - INFO - Epoch [18/20], Step [200/200], Train loss: 0.0463
2024-07-06 00:09:57,948 - INFO - Epoch [18/20], Average train loss: 0.0359
2024-07-06 00:10:01,129 - INFO - Epoch [18/20], Step [10/50], Val loss: 0.0380
2024-07-06 00:10:03,908 - INFO - Epoch [18/20], Step [20/50], Val loss: 0.0109
2024-07-06 00:10:06,611 - INFO - Epoch [18/20], Step [30/50], Val loss: 0.0452
2024-07-06 00:10:09,181 - INFO - Epoch [18/20], Step [40/50], Val loss: 0.0574
2024-07-06 00:10:11,729 - INFO - Epoch [18/20], Step [50/50], Val loss: 0.0407
2024-07-06 00:10:11,770 - INFO - Epoch [18/20], Average validation loss: 0.0376
2024-07-06 00:10:25,157 - INFO - Epoch [19/20], Step [20/200], Train loss: 0.0252
2024-07-06 00:10:37,436 - INFO - Epoch [19/20], Step [40/200], Train loss: 0.0406
2024-07-06 00:10:49,870 - INFO - Epoch [19/20], Step [60/200], Train loss: 0.0477
2024-07-06 00:11:02,473 - INFO - Epoch [19/20], Step [80/200], Train loss: 0.0479
2024-07-06 00:11:15,011 - INFO - Epoch [19/20], Step [100/200], Train loss: 0.0335
2024-07-06 00:11:27,474 - INFO - Epoch [19/20], Step [120/200], Train loss: 0.0570
2024-07-06 00:11:40,239 - INFO - Epoch [19/20], Step [140/200], Train loss: 0.0430
2024-07-06 00:11:52,816 - INFO - Epoch [19/20], Step [160/200], Train loss: 0.0269
2024-07-06 00:12:05,171 - INFO - Epoch [19/20], Step [180/200], Train loss: 0.0251
2024-07-06 00:12:16,262 - INFO - Epoch [19/20], Step [200/200], Train loss: 0.0390
2024-07-06 00:12:16,314 - INFO - Epoch [19/20], Average train loss: 0.0347
2024-07-06 00:12:19,681 - INFO - Epoch [19/20], Step [10/50], Val loss: 0.0420
2024-07-06 00:12:22,677 - INFO - Epoch [19/20], Step [20/50], Val loss: 0.0067
2024-07-06 00:12:25,399 - INFO - Epoch [19/20], Step [30/50], Val loss: 0.0399
2024-07-06 00:12:28,098 - INFO - Epoch [19/20], Step [40/50], Val loss: 0.0580
2024-07-06 00:12:30,666 - INFO - Epoch [19/20], Step [50/50], Val loss: 0.0491
2024-07-06 00:12:30,712 - INFO - Epoch [19/20], Average validation loss: 0.0393
2024-07-06 00:12:44,418 - INFO - Epoch [20/20], Step [20/200], Train loss: 0.0629
2024-07-06 00:12:57,079 - INFO - Epoch [20/20], Step [40/200], Train loss: 0.0157
2024-07-06 00:13:09,828 - INFO - Epoch [20/20], Step [60/200], Train loss: 0.0416
2024-07-06 00:13:22,223 - INFO - Epoch [20/20], Step [80/200], Train loss: 0.0278
2024-07-06 00:13:34,739 - INFO - Epoch [20/20], Step [100/200], Train loss: 0.0693
2024-07-06 00:13:47,045 - INFO - Epoch [20/20], Step [120/200], Train loss: 0.0486
2024-07-06 00:13:59,668 - INFO - Epoch [20/20], Step [140/200], Train loss: 0.0203
2024-07-06 00:14:12,741 - INFO - Epoch [20/20], Step [160/200], Train loss: 0.0316
2024-07-06 00:14:25,549 - INFO - Epoch [20/20], Step [180/200], Train loss: 0.0276
2024-07-06 00:14:36,893 - INFO - Epoch [20/20], Step [200/200], Train loss: 0.0413
2024-07-06 00:14:36,946 - INFO - Epoch [20/20], Average train loss: 0.0347
2024-07-06 00:14:40,341 - INFO - Epoch [20/20], Step [10/50], Val loss: 0.0430
2024-07-06 00:14:43,150 - INFO - Epoch [20/20], Step [20/50], Val loss: 0.0072
2024-07-06 00:14:45,990 - INFO - Epoch [20/20], Step [30/50], Val loss: 0.0458
2024-07-06 00:14:48,679 - INFO - Epoch [20/20], Step [40/50], Val loss: 0.0602
2024-07-06 00:14:51,237 - INFO - Epoch [20/20], Step [50/50], Val loss: 0.0481
2024-07-06 00:14:51,286 - INFO - Epoch [20/20], Average validation loss: 0.0381
2024-07-06 00:14:51,289 - INFO - Best epoch 18, Lowest validation loss: 0.0376
2024-07-06 00:14:51,289 - INFO - -------------------- Finished training --------------------
2024-07-06 00:14:51,289 - INFO - -------------------- Testing Time --------------------
2024-07-06 00:14:53,089 - INFO - Batch [10/100], MSE score: 0.0157
2024-07-06 00:14:54,510 - INFO - Batch [20/100], MSE score: 0.0105
2024-07-06 00:14:56,020 - INFO - Batch [30/100], MSE score: 0.0116
2024-07-06 00:14:57,367 - INFO - Batch [40/100], MSE score: 0.0637
2024-07-06 00:14:58,699 - INFO - Batch [50/100], MSE score: 0.0316
2024-07-06 00:15:00,125 - INFO - Batch [60/100], MSE score: 0.0175
2024-07-06 00:15:01,489 - INFO - Batch [70/100], MSE score: 0.0152
2024-07-06 00:15:02,903 - INFO - Batch [80/100], MSE score: 0.0378
2024-07-06 00:15:04,460 - INFO - Batch [90/100], MSE score: 0.0212
2024-07-06 00:15:05,756 - INFO - Batch [100/100], MSE score: 0.0330
2024-07-06 00:15:05,809 - INFO - Test average metric score: 0.0375
