2024-07-05 23:30:01,259 - INFO - -------------------- Base Mode for Representation Learning is mobilenet --------------------
2024-07-05 23:30:01,259 - INFO - -------------------- Starting training --------------------
2024-07-05 23:30:04,033 - INFO - Epoch [1/20], Step [20/200], Train loss: 0.0739
2024-07-05 23:30:06,095 - INFO - Epoch [1/20], Step [40/200], Train loss: 0.0754
2024-07-05 23:30:07,914 - INFO - Epoch [1/20], Step [60/200], Train loss: 0.0691
2024-07-05 23:30:09,911 - INFO - Epoch [1/20], Step [80/200], Train loss: 0.0958
2024-07-05 23:30:11,688 - INFO - Epoch [1/20], Step [100/200], Train loss: 0.0688
2024-07-05 23:30:13,389 - INFO - Epoch [1/20], Step [120/200], Train loss: 0.0957
2024-07-05 23:30:15,101 - INFO - Epoch [1/20], Step [140/200], Train loss: 0.0975
2024-07-05 23:30:16,876 - INFO - Epoch [1/20], Step [160/200], Train loss: 0.0539
2024-07-05 23:30:18,958 - INFO - Epoch [1/20], Step [180/200], Train loss: 0.0515
2024-07-05 23:30:20,312 - INFO - Epoch [1/20], Step [200/200], Train loss: 0.0536
2024-07-05 23:30:20,339 - INFO - Epoch [1/20], Average train loss: 0.0771
2024-07-05 23:30:20,966 - INFO - Epoch [1/20], Step [10/50], Val loss: 0.0806
2024-07-05 23:30:21,247 - INFO - Epoch [1/20], Step [20/50], Val loss: 0.0814
2024-07-05 23:30:21,492 - INFO - Epoch [1/20], Step [30/50], Val loss: 0.0354
2024-07-05 23:30:21,705 - INFO - Epoch [1/20], Step [40/50], Val loss: 0.0621
2024-07-05 23:30:21,883 - INFO - Epoch [1/20], Step [50/50], Val loss: 0.0560
2024-07-05 23:30:21,907 - INFO - Epoch [1/20], Average validation loss: 0.0615
2024-07-05 23:30:24,743 - INFO - Epoch [2/20], Step [20/200], Train loss: 0.0745
2024-07-05 23:30:26,711 - INFO - Epoch [2/20], Step [40/200], Train loss: 0.0591
2024-07-05 23:30:28,833 - INFO - Epoch [2/20], Step [60/200], Train loss: 0.0511
2024-07-05 23:30:30,734 - INFO - Epoch [2/20], Step [80/200], Train loss: 0.0570
2024-07-05 23:30:32,652 - INFO - Epoch [2/20], Step [100/200], Train loss: 0.0835
2024-07-05 23:30:34,788 - INFO - Epoch [2/20], Step [120/200], Train loss: 0.0802
2024-07-05 23:30:36,701 - INFO - Epoch [2/20], Step [140/200], Train loss: 0.0473
2024-07-05 23:30:38,814 - INFO - Epoch [2/20], Step [160/200], Train loss: 0.0573
2024-07-05 23:30:40,876 - INFO - Epoch [2/20], Step [180/200], Train loss: 0.0502
2024-07-05 23:30:42,034 - INFO - Epoch [2/20], Step [200/200], Train loss: 0.0551
2024-07-05 23:30:42,062 - INFO - Epoch [2/20], Average train loss: 0.0578
2024-07-05 23:30:42,567 - INFO - Epoch [2/20], Step [10/50], Val loss: 0.0488
2024-07-05 23:30:42,791 - INFO - Epoch [2/20], Step [20/50], Val loss: 0.0240
2024-07-05 23:30:43,019 - INFO - Epoch [2/20], Step [30/50], Val loss: 0.0353
2024-07-05 23:30:43,234 - INFO - Epoch [2/20], Step [40/50], Val loss: 0.0522
2024-07-05 23:30:43,455 - INFO - Epoch [2/20], Step [50/50], Val loss: 0.0503
2024-07-05 23:30:43,480 - INFO - Epoch [2/20], Average validation loss: 0.0515
2024-07-05 23:30:46,164 - INFO - Epoch [3/20], Step [20/200], Train loss: 0.0270
2024-07-05 23:30:47,940 - INFO - Epoch [3/20], Step [40/200], Train loss: 0.0291
2024-07-05 23:30:49,646 - INFO - Epoch [3/20], Step [60/200], Train loss: 0.0832
2024-07-05 23:30:51,428 - INFO - Epoch [3/20], Step [80/200], Train loss: 0.0440
2024-07-05 23:30:53,106 - INFO - Epoch [3/20], Step [100/200], Train loss: 0.0449
2024-07-05 23:30:54,903 - INFO - Epoch [3/20], Step [120/200], Train loss: 0.0610
2024-07-05 23:30:56,598 - INFO - Epoch [3/20], Step [140/200], Train loss: 0.0492
2024-07-05 23:30:58,279 - INFO - Epoch [3/20], Step [160/200], Train loss: 0.0557
2024-07-05 23:31:00,018 - INFO - Epoch [3/20], Step [180/200], Train loss: 0.0571
2024-07-05 23:31:01,093 - INFO - Epoch [3/20], Step [200/200], Train loss: 0.0659
2024-07-05 23:31:01,120 - INFO - Epoch [3/20], Average train loss: 0.0499
2024-07-05 23:31:01,623 - INFO - Epoch [3/20], Step [10/50], Val loss: 0.0569
2024-07-05 23:31:01,847 - INFO - Epoch [3/20], Step [20/50], Val loss: 0.0255
2024-07-05 23:31:02,072 - INFO - Epoch [3/20], Step [30/50], Val loss: 0.0312
2024-07-05 23:31:02,270 - INFO - Epoch [3/20], Step [40/50], Val loss: 0.0503
2024-07-05 23:31:02,434 - INFO - Epoch [3/20], Step [50/50], Val loss: 0.0406
2024-07-05 23:31:02,453 - INFO - Epoch [3/20], Average validation loss: 0.0498
2024-07-05 23:31:05,032 - INFO - Epoch [4/20], Step [20/200], Train loss: 0.0612
2024-07-05 23:31:06,741 - INFO - Epoch [4/20], Step [40/200], Train loss: 0.0969
2024-07-05 23:31:08,393 - INFO - Epoch [4/20], Step [60/200], Train loss: 0.0476
2024-07-05 23:31:10,444 - INFO - Epoch [4/20], Step [80/200], Train loss: 0.0684
2024-07-05 23:31:12,167 - INFO - Epoch [4/20], Step [100/200], Train loss: 0.0778
2024-07-05 23:31:14,084 - INFO - Epoch [4/20], Step [120/200], Train loss: 0.0609
2024-07-05 23:31:16,036 - INFO - Epoch [4/20], Step [140/200], Train loss: 0.0710
2024-07-05 23:31:17,998 - INFO - Epoch [4/20], Step [160/200], Train loss: 0.0391
2024-07-05 23:31:20,126 - INFO - Epoch [4/20], Step [180/200], Train loss: 0.0407
2024-07-05 23:31:21,518 - INFO - Epoch [4/20], Step [200/200], Train loss: 0.0680
2024-07-05 23:31:21,555 - INFO - Epoch [4/20], Average train loss: 0.0458
2024-07-05 23:31:22,411 - INFO - Epoch [4/20], Step [10/50], Val loss: 0.0665
2024-07-05 23:31:22,748 - INFO - Epoch [4/20], Step [20/50], Val loss: 0.0200
2024-07-05 23:31:23,030 - INFO - Epoch [4/20], Step [30/50], Val loss: 0.0353
2024-07-05 23:31:23,261 - INFO - Epoch [4/20], Step [40/50], Val loss: 0.0446
2024-07-05 23:31:23,452 - INFO - Epoch [4/20], Step [50/50], Val loss: 0.0639
2024-07-05 23:31:23,483 - INFO - Epoch [4/20], Average validation loss: 0.0465
2024-07-05 23:31:26,954 - INFO - Epoch [5/20], Step [20/200], Train loss: 0.0224
2024-07-05 23:31:29,084 - INFO - Epoch [5/20], Step [40/200], Train loss: 0.0218
2024-07-05 23:31:31,309 - INFO - Epoch [5/20], Step [60/200], Train loss: 0.0296
2024-07-05 23:31:33,515 - INFO - Epoch [5/20], Step [80/200], Train loss: 0.0331
2024-07-05 23:31:35,881 - INFO - Epoch [5/20], Step [100/200], Train loss: 0.0728
2024-07-05 23:31:38,208 - INFO - Epoch [5/20], Step [120/200], Train loss: 0.0593
2024-07-05 23:31:40,600 - INFO - Epoch [5/20], Step [140/200], Train loss: 0.0476
2024-07-05 23:31:42,935 - INFO - Epoch [5/20], Step [160/200], Train loss: 0.0537
2024-07-05 23:31:45,148 - INFO - Epoch [5/20], Step [180/200], Train loss: 0.0407
2024-07-05 23:31:46,352 - INFO - Epoch [5/20], Step [200/200], Train loss: 0.0349
2024-07-05 23:31:46,380 - INFO - Epoch [5/20], Average train loss: 0.0409
2024-07-05 23:31:46,924 - INFO - Epoch [5/20], Step [10/50], Val loss: 0.0717
2024-07-05 23:31:47,154 - INFO - Epoch [5/20], Step [20/50], Val loss: 0.0136
2024-07-05 23:31:47,382 - INFO - Epoch [5/20], Step [30/50], Val loss: 0.0475
2024-07-05 23:31:47,575 - INFO - Epoch [5/20], Step [40/50], Val loss: 0.0494
2024-07-05 23:31:47,730 - INFO - Epoch [5/20], Step [50/50], Val loss: 0.0753
2024-07-05 23:31:47,753 - INFO - Epoch [5/20], Average validation loss: 0.0447
2024-07-05 23:31:50,459 - INFO - Epoch [6/20], Step [20/200], Train loss: 0.0475
2024-07-05 23:31:52,586 - INFO - Epoch [6/20], Step [40/200], Train loss: 0.0187
2024-07-05 23:31:54,261 - INFO - Epoch [6/20], Step [60/200], Train loss: 0.0291
2024-07-05 23:31:55,906 - INFO - Epoch [6/20], Step [80/200], Train loss: 0.0536
2024-07-05 23:31:57,666 - INFO - Epoch [6/20], Step [100/200], Train loss: 0.0565
2024-07-05 23:31:59,454 - INFO - Epoch [6/20], Step [120/200], Train loss: 0.0244
2024-07-05 23:32:01,223 - INFO - Epoch [6/20], Step [140/200], Train loss: 0.0194
2024-07-05 23:32:03,031 - INFO - Epoch [6/20], Step [160/200], Train loss: 0.0624
2024-07-05 23:32:04,864 - INFO - Epoch [6/20], Step [180/200], Train loss: 0.0362
2024-07-05 23:32:06,010 - INFO - Epoch [6/20], Step [200/200], Train loss: 0.0415
2024-07-05 23:32:06,036 - INFO - Epoch [6/20], Average train loss: 0.0392
2024-07-05 23:32:06,529 - INFO - Epoch [6/20], Step [10/50], Val loss: 0.0751
2024-07-05 23:32:06,761 - INFO - Epoch [6/20], Step [20/50], Val loss: 0.0137
2024-07-05 23:32:06,991 - INFO - Epoch [6/20], Step [30/50], Val loss: 0.0309
2024-07-05 23:32:07,171 - INFO - Epoch [6/20], Step [40/50], Val loss: 0.0523
2024-07-05 23:32:07,313 - INFO - Epoch [6/20], Step [50/50], Val loss: 0.0454
2024-07-05 23:32:07,333 - INFO - Epoch [6/20], Average validation loss: 0.0439
2024-07-05 23:32:10,040 - INFO - Epoch [7/20], Step [20/200], Train loss: 0.0497
2024-07-05 23:32:11,883 - INFO - Epoch [7/20], Step [40/200], Train loss: 0.0293
2024-07-05 23:32:13,641 - INFO - Epoch [7/20], Step [60/200], Train loss: 0.0480
2024-07-05 23:32:15,533 - INFO - Epoch [7/20], Step [80/200], Train loss: 0.0178
2024-07-05 23:32:17,340 - INFO - Epoch [7/20], Step [100/200], Train loss: 0.0212
2024-07-05 23:32:19,258 - INFO - Epoch [7/20], Step [120/200], Train loss: 0.0287
2024-07-05 23:32:21,074 - INFO - Epoch [7/20], Step [140/200], Train loss: 0.0561
2024-07-05 23:32:22,853 - INFO - Epoch [7/20], Step [160/200], Train loss: 0.0799
2024-07-05 23:32:24,789 - INFO - Epoch [7/20], Step [180/200], Train loss: 0.0276
2024-07-05 23:32:25,922 - INFO - Epoch [7/20], Step [200/200], Train loss: 0.0478
2024-07-05 23:32:25,950 - INFO - Epoch [7/20], Average train loss: 0.0364
2024-07-05 23:32:26,458 - INFO - Epoch [7/20], Step [10/50], Val loss: 0.0610
2024-07-05 23:32:26,677 - INFO - Epoch [7/20], Step [20/50], Val loss: 0.0098
2024-07-05 23:32:26,911 - INFO - Epoch [7/20], Step [30/50], Val loss: 0.0392
2024-07-05 23:32:27,113 - INFO - Epoch [7/20], Step [40/50], Val loss: 0.0482
2024-07-05 23:32:27,254 - INFO - Epoch [7/20], Step [50/50], Val loss: 0.0474
2024-07-05 23:32:27,273 - INFO - Epoch [7/20], Average validation loss: 0.0424
2024-07-05 23:32:30,089 - INFO - Epoch [8/20], Step [20/200], Train loss: 0.0290
2024-07-05 23:32:31,960 - INFO - Epoch [8/20], Step [40/200], Train loss: 0.0374
2024-07-05 23:32:33,783 - INFO - Epoch [8/20], Step [60/200], Train loss: 0.0805
2024-07-05 23:32:35,558 - INFO - Epoch [8/20], Step [80/200], Train loss: 0.0312
2024-07-05 23:32:37,439 - INFO - Epoch [8/20], Step [100/200], Train loss: 0.0655
2024-07-05 23:32:39,210 - INFO - Epoch [8/20], Step [120/200], Train loss: 0.0340
2024-07-05 23:32:40,932 - INFO - Epoch [8/20], Step [140/200], Train loss: 0.0354
2024-07-05 23:32:42,583 - INFO - Epoch [8/20], Step [160/200], Train loss: 0.0395
2024-07-05 23:32:44,249 - INFO - Epoch [8/20], Step [180/200], Train loss: 0.0329
2024-07-05 23:32:45,422 - INFO - Epoch [8/20], Step [200/200], Train loss: 0.0141
2024-07-05 23:32:45,446 - INFO - Epoch [8/20], Average train loss: 0.0346
2024-07-05 23:32:45,925 - INFO - Epoch [8/20], Step [10/50], Val loss: 0.0734
2024-07-05 23:32:46,149 - INFO - Epoch [8/20], Step [20/50], Val loss: 0.0153
2024-07-05 23:32:46,361 - INFO - Epoch [8/20], Step [30/50], Val loss: 0.0326
2024-07-05 23:32:46,550 - INFO - Epoch [8/20], Step [40/50], Val loss: 0.0593
2024-07-05 23:32:46,731 - INFO - Epoch [8/20], Step [50/50], Val loss: 0.0592
2024-07-05 23:32:46,750 - INFO - Epoch [8/20], Average validation loss: 0.0433
2024-07-05 23:32:49,535 - INFO - Epoch [9/20], Step [20/200], Train loss: 0.0411
2024-07-05 23:32:51,368 - INFO - Epoch [9/20], Step [40/200], Train loss: 0.0308
2024-07-05 23:32:53,257 - INFO - Epoch [9/20], Step [60/200], Train loss: 0.0360
2024-07-05 23:32:55,115 - INFO - Epoch [9/20], Step [80/200], Train loss: 0.0773
2024-07-05 23:32:56,874 - INFO - Epoch [9/20], Step [100/200], Train loss: 0.0204
2024-07-05 23:32:58,616 - INFO - Epoch [9/20], Step [120/200], Train loss: 0.0304
2024-07-05 23:33:00,378 - INFO - Epoch [9/20], Step [140/200], Train loss: 0.0192
2024-07-05 23:33:02,153 - INFO - Epoch [9/20], Step [160/200], Train loss: 0.0209
2024-07-05 23:33:03,917 - INFO - Epoch [9/20], Step [180/200], Train loss: 0.0408
2024-07-05 23:33:04,983 - INFO - Epoch [9/20], Step [200/200], Train loss: 0.0252
2024-07-05 23:33:05,006 - INFO - Epoch [9/20], Average train loss: 0.0337
2024-07-05 23:33:05,506 - INFO - Epoch [9/20], Step [10/50], Val loss: 0.0686
2024-07-05 23:33:05,735 - INFO - Epoch [9/20], Step [20/50], Val loss: 0.0104
2024-07-05 23:33:05,964 - INFO - Epoch [9/20], Step [30/50], Val loss: 0.0428
2024-07-05 23:33:06,160 - INFO - Epoch [9/20], Step [40/50], Val loss: 0.0574
2024-07-05 23:33:06,296 - INFO - Epoch [9/20], Step [50/50], Val loss: 0.0537
2024-07-05 23:33:06,316 - INFO - Epoch [9/20], Average validation loss: 0.0429
2024-07-05 23:33:08,994 - INFO - Epoch [10/20], Step [20/200], Train loss: 0.0146
2024-07-05 23:33:10,885 - INFO - Epoch [10/20], Step [40/200], Train loss: 0.0213
2024-07-05 23:33:12,686 - INFO - Epoch [10/20], Step [60/200], Train loss: 0.0298
2024-07-05 23:33:14,496 - INFO - Epoch [10/20], Step [80/200], Train loss: 0.0203
2024-07-05 23:33:16,322 - INFO - Epoch [10/20], Step [100/200], Train loss: 0.0474
2024-07-05 23:33:18,062 - INFO - Epoch [10/20], Step [120/200], Train loss: 0.0270
2024-07-05 23:33:19,693 - INFO - Epoch [10/20], Step [140/200], Train loss: 0.0519
2024-07-05 23:33:21,534 - INFO - Epoch [10/20], Step [160/200], Train loss: 0.0288
2024-07-05 23:33:23,362 - INFO - Epoch [10/20], Step [180/200], Train loss: 0.0433
2024-07-05 23:33:24,486 - INFO - Epoch [10/20], Step [200/200], Train loss: 0.0124
2024-07-05 23:33:24,512 - INFO - Epoch [10/20], Average train loss: 0.0323
2024-07-05 23:33:25,022 - INFO - Epoch [10/20], Step [10/50], Val loss: 0.0748
2024-07-05 23:33:25,260 - INFO - Epoch [10/20], Step [20/50], Val loss: 0.0093
2024-07-05 23:33:25,514 - INFO - Epoch [10/20], Step [30/50], Val loss: 0.0432
2024-07-05 23:33:25,721 - INFO - Epoch [10/20], Step [40/50], Val loss: 0.0547
2024-07-05 23:33:25,872 - INFO - Epoch [10/20], Step [50/50], Val loss: 0.0610
2024-07-05 23:33:25,894 - INFO - Epoch [10/20], Average validation loss: 0.0427
2024-07-05 23:33:28,515 - INFO - Epoch [11/20], Step [20/200], Train loss: 0.0481
2024-07-05 23:33:30,265 - INFO - Epoch [11/20], Step [40/200], Train loss: 0.0214
2024-07-05 23:33:32,002 - INFO - Epoch [11/20], Step [60/200], Train loss: 0.0291
2024-07-05 23:33:33,675 - INFO - Epoch [11/20], Step [80/200], Train loss: 0.0378
2024-07-05 23:33:35,420 - INFO - Epoch [11/20], Step [100/200], Train loss: 0.0286
2024-07-05 23:33:37,225 - INFO - Epoch [11/20], Step [120/200], Train loss: 0.0121
2024-07-05 23:33:39,005 - INFO - Epoch [11/20], Step [140/200], Train loss: 0.0398
2024-07-05 23:33:40,804 - INFO - Epoch [11/20], Step [160/200], Train loss: 0.0145
2024-07-05 23:33:42,630 - INFO - Epoch [11/20], Step [180/200], Train loss: 0.0435
2024-07-05 23:33:43,686 - INFO - Epoch [11/20], Step [200/200], Train loss: 0.0186
2024-07-05 23:33:43,711 - INFO - Epoch [11/20], Average train loss: 0.0306
2024-07-05 23:33:44,185 - INFO - Epoch [11/20], Step [10/50], Val loss: 0.0732
2024-07-05 23:33:44,401 - INFO - Epoch [11/20], Step [20/50], Val loss: 0.0116
2024-07-05 23:33:44,612 - INFO - Epoch [11/20], Step [30/50], Val loss: 0.0363
2024-07-05 23:33:44,797 - INFO - Epoch [11/20], Step [40/50], Val loss: 0.0572
2024-07-05 23:33:44,926 - INFO - Epoch [11/20], Step [50/50], Val loss: 0.0528
2024-07-05 23:33:44,943 - INFO - Epoch [11/20], Average validation loss: 0.0429
2024-07-05 23:33:47,515 - INFO - Epoch [12/20], Step [20/200], Train loss: 0.0123
2024-07-05 23:33:49,203 - INFO - Epoch [12/20], Step [40/200], Train loss: 0.0320
2024-07-05 23:33:50,855 - INFO - Epoch [12/20], Step [60/200], Train loss: 0.0187
2024-07-05 23:33:52,480 - INFO - Epoch [12/20], Step [80/200], Train loss: 0.0322
2024-07-05 23:33:54,183 - INFO - Epoch [12/20], Step [100/200], Train loss: 0.0550
2024-07-05 23:33:55,850 - INFO - Epoch [12/20], Step [120/200], Train loss: 0.0123
2024-07-05 23:33:57,488 - INFO - Epoch [12/20], Step [140/200], Train loss: 0.0746
2024-07-05 23:33:59,200 - INFO - Epoch [12/20], Step [160/200], Train loss: 0.0585
2024-07-05 23:34:00,844 - INFO - Epoch [12/20], Step [180/200], Train loss: 0.0071
2024-07-05 23:34:01,919 - INFO - Epoch [12/20], Step [200/200], Train loss: 0.0174
2024-07-05 23:34:01,943 - INFO - Epoch [12/20], Average train loss: 0.0293
2024-07-05 23:34:02,445 - INFO - Epoch [12/20], Step [10/50], Val loss: 0.0670
2024-07-05 23:34:02,657 - INFO - Epoch [12/20], Step [20/50], Val loss: 0.0092
2024-07-05 23:34:02,876 - INFO - Epoch [12/20], Step [30/50], Val loss: 0.0327
2024-07-05 23:34:03,069 - INFO - Epoch [12/20], Step [40/50], Val loss: 0.0572
2024-07-05 23:34:03,219 - INFO - Epoch [12/20], Step [50/50], Val loss: 0.0757
2024-07-05 23:34:03,238 - INFO - Epoch [12/20], Average validation loss: 0.0427
2024-07-05 23:34:05,856 - INFO - Epoch [13/20], Step [20/200], Train loss: 0.0388
2024-07-05 23:34:07,587 - INFO - Epoch [13/20], Step [40/200], Train loss: 0.0175
2024-07-05 23:34:09,386 - INFO - Epoch [13/20], Step [60/200], Train loss: 0.0194
2024-07-05 23:34:11,267 - INFO - Epoch [13/20], Step [80/200], Train loss: 0.0143
2024-07-05 23:34:13,024 - INFO - Epoch [13/20], Step [100/200], Train loss: 0.0483
2024-07-05 23:34:14,827 - INFO - Epoch [13/20], Step [120/200], Train loss: 0.0383
2024-07-05 23:34:16,704 - INFO - Epoch [13/20], Step [140/200], Train loss: 0.0073
2024-07-05 23:34:18,510 - INFO - Epoch [13/20], Step [160/200], Train loss: 0.0167
2024-07-05 23:34:20,296 - INFO - Epoch [13/20], Step [180/200], Train loss: 0.0231
2024-07-05 23:34:21,577 - INFO - Epoch [13/20], Step [200/200], Train loss: 0.0118
2024-07-05 23:34:21,605 - INFO - Epoch [13/20], Average train loss: 0.0279
2024-07-05 23:34:22,138 - INFO - Epoch [13/20], Step [10/50], Val loss: 0.0757
2024-07-05 23:34:22,356 - INFO - Epoch [13/20], Step [20/50], Val loss: 0.0094
2024-07-05 23:34:22,578 - INFO - Epoch [13/20], Step [30/50], Val loss: 0.0383
2024-07-05 23:34:22,761 - INFO - Epoch [13/20], Step [40/50], Val loss: 0.0597
2024-07-05 23:34:22,947 - INFO - Epoch [13/20], Step [50/50], Val loss: 0.0694
2024-07-05 23:34:22,970 - INFO - Epoch [13/20], Average validation loss: 0.0423
2024-07-05 23:34:25,706 - INFO - Epoch [14/20], Step [20/200], Train loss: 0.0170
2024-07-05 23:34:27,493 - INFO - Epoch [14/20], Step [40/200], Train loss: 0.0220
2024-07-05 23:34:29,324 - INFO - Epoch [14/20], Step [60/200], Train loss: 0.0277
2024-07-05 23:34:31,125 - INFO - Epoch [14/20], Step [80/200], Train loss: 0.0303
2024-07-05 23:34:32,814 - INFO - Epoch [14/20], Step [100/200], Train loss: 0.0208
2024-07-05 23:34:34,544 - INFO - Epoch [14/20], Step [120/200], Train loss: 0.0276
2024-07-05 23:34:36,344 - INFO - Epoch [14/20], Step [140/200], Train loss: 0.0143
2024-07-05 23:34:38,119 - INFO - Epoch [14/20], Step [160/200], Train loss: 0.0422
2024-07-05 23:34:39,824 - INFO - Epoch [14/20], Step [180/200], Train loss: 0.0298
2024-07-05 23:34:41,049 - INFO - Epoch [14/20], Step [200/200], Train loss: 0.0246
2024-07-05 23:34:41,080 - INFO - Epoch [14/20], Average train loss: 0.0278
2024-07-05 23:34:41,588 - INFO - Epoch [14/20], Step [10/50], Val loss: 0.0695
2024-07-05 23:34:41,805 - INFO - Epoch [14/20], Step [20/50], Val loss: 0.0102
2024-07-05 23:34:42,027 - INFO - Epoch [14/20], Step [30/50], Val loss: 0.0376
2024-07-05 23:34:42,222 - INFO - Epoch [14/20], Step [40/50], Val loss: 0.0567
2024-07-05 23:34:42,385 - INFO - Epoch [14/20], Step [50/50], Val loss: 0.0612
2024-07-05 23:34:42,407 - INFO - Epoch [14/20], Average validation loss: 0.0417
2024-07-05 23:34:45,087 - INFO - Epoch [15/20], Step [20/200], Train loss: 0.0214
2024-07-05 23:34:47,004 - INFO - Epoch [15/20], Step [40/200], Train loss: 0.0140
2024-07-05 23:34:48,828 - INFO - Epoch [15/20], Step [60/200], Train loss: 0.0291
2024-07-05 23:34:50,596 - INFO - Epoch [15/20], Step [80/200], Train loss: 0.0139
2024-07-05 23:34:52,382 - INFO - Epoch [15/20], Step [100/200], Train loss: 0.0287
2024-07-05 23:34:54,168 - INFO - Epoch [15/20], Step [120/200], Train loss: 0.0178
2024-07-05 23:34:55,989 - INFO - Epoch [15/20], Step [140/200], Train loss: 0.0169
2024-07-05 23:34:57,679 - INFO - Epoch [15/20], Step [160/200], Train loss: 0.0350
2024-07-05 23:34:59,463 - INFO - Epoch [15/20], Step [180/200], Train loss: 0.0137
2024-07-05 23:35:00,587 - INFO - Epoch [15/20], Step [200/200], Train loss: 0.0446
2024-07-05 23:35:00,615 - INFO - Epoch [15/20], Average train loss: 0.0264
2024-07-05 23:35:01,159 - INFO - Epoch [15/20], Step [10/50], Val loss: 0.0723
2024-07-05 23:35:01,388 - INFO - Epoch [15/20], Step [20/50], Val loss: 0.0093
2024-07-05 23:35:01,644 - INFO - Epoch [15/20], Step [30/50], Val loss: 0.0349
2024-07-05 23:35:01,835 - INFO - Epoch [15/20], Step [40/50], Val loss: 0.0574
2024-07-05 23:35:01,991 - INFO - Epoch [15/20], Step [50/50], Val loss: 0.0668
2024-07-05 23:35:02,013 - INFO - Epoch [15/20], Average validation loss: 0.0429
2024-07-05 23:35:04,618 - INFO - Epoch [16/20], Step [20/200], Train loss: 0.0162
2024-07-05 23:35:06,430 - INFO - Epoch [16/20], Step [40/200], Train loss: 0.0127
2024-07-05 23:35:08,264 - INFO - Epoch [16/20], Step [60/200], Train loss: 0.0292
2024-07-05 23:35:10,036 - INFO - Epoch [16/20], Step [80/200], Train loss: 0.0290
2024-07-05 23:35:11,863 - INFO - Epoch [16/20], Step [100/200], Train loss: 0.0220
2024-07-05 23:35:13,705 - INFO - Epoch [16/20], Step [120/200], Train loss: 0.0129
2024-07-05 23:35:15,408 - INFO - Epoch [16/20], Step [140/200], Train loss: 0.0244
2024-07-05 23:35:17,181 - INFO - Epoch [16/20], Step [160/200], Train loss: 0.0156
2024-07-05 23:35:18,911 - INFO - Epoch [16/20], Step [180/200], Train loss: 0.0130
2024-07-05 23:35:20,013 - INFO - Epoch [16/20], Step [200/200], Train loss: 0.0547
2024-07-05 23:35:20,038 - INFO - Epoch [16/20], Average train loss: 0.0268
2024-07-05 23:35:20,523 - INFO - Epoch [16/20], Step [10/50], Val loss: 0.0786
2024-07-05 23:35:20,735 - INFO - Epoch [16/20], Step [20/50], Val loss: 0.0089
2024-07-05 23:35:20,964 - INFO - Epoch [16/20], Step [30/50], Val loss: 0.0391
2024-07-05 23:35:21,146 - INFO - Epoch [16/20], Step [40/50], Val loss: 0.0587
2024-07-05 23:35:21,285 - INFO - Epoch [16/20], Step [50/50], Val loss: 0.0668
2024-07-05 23:35:21,306 - INFO - Epoch [16/20], Average validation loss: 0.0418
2024-07-05 23:35:23,811 - INFO - Epoch [17/20], Step [20/200], Train loss: 0.0140
2024-07-05 23:35:25,481 - INFO - Epoch [17/20], Step [40/200], Train loss: 0.0168
2024-07-05 23:35:27,146 - INFO - Epoch [17/20], Step [60/200], Train loss: 0.0463
2024-07-05 23:35:28,922 - INFO - Epoch [17/20], Step [80/200], Train loss: 0.0166
2024-07-05 23:35:30,721 - INFO - Epoch [17/20], Step [100/200], Train loss: 0.0056
2024-07-05 23:35:32,555 - INFO - Epoch [17/20], Step [120/200], Train loss: 0.0176
2024-07-05 23:35:34,441 - INFO - Epoch [17/20], Step [140/200], Train loss: 0.0141
2024-07-05 23:35:36,269 - INFO - Epoch [17/20], Step [160/200], Train loss: 0.0123
2024-07-05 23:35:38,119 - INFO - Epoch [17/20], Step [180/200], Train loss: 0.0264
2024-07-05 23:35:39,323 - INFO - Epoch [17/20], Step [200/200], Train loss: 0.0156
2024-07-05 23:35:39,348 - INFO - Epoch [17/20], Average train loss: 0.0261
2024-07-05 23:35:39,902 - INFO - Epoch [17/20], Step [10/50], Val loss: 0.0768
2024-07-05 23:35:40,123 - INFO - Epoch [17/20], Step [20/50], Val loss: 0.0076
2024-07-05 23:35:40,361 - INFO - Epoch [17/20], Step [30/50], Val loss: 0.0349
2024-07-05 23:35:40,577 - INFO - Epoch [17/20], Step [40/50], Val loss: 0.0556
2024-07-05 23:35:40,753 - INFO - Epoch [17/20], Step [50/50], Val loss: 0.0655
2024-07-05 23:35:40,774 - INFO - Epoch [17/20], Average validation loss: 0.0423
2024-07-05 23:35:43,597 - INFO - Epoch [18/20], Step [20/200], Train loss: 0.0414
2024-07-05 23:35:45,420 - INFO - Epoch [18/20], Step [40/200], Train loss: 0.0208
2024-07-05 23:35:47,314 - INFO - Epoch [18/20], Step [60/200], Train loss: 0.0201
2024-07-05 23:35:49,214 - INFO - Epoch [18/20], Step [80/200], Train loss: 0.0142
2024-07-05 23:35:50,865 - INFO - Epoch [18/20], Step [100/200], Train loss: 0.0363
2024-07-05 23:35:52,523 - INFO - Epoch [18/20], Step [120/200], Train loss: 0.0281
2024-07-05 23:35:54,295 - INFO - Epoch [18/20], Step [140/200], Train loss: 0.0232
2024-07-05 23:35:56,072 - INFO - Epoch [18/20], Step [160/200], Train loss: 0.0190
2024-07-05 23:35:57,736 - INFO - Epoch [18/20], Step [180/200], Train loss: 0.0202
2024-07-05 23:35:58,875 - INFO - Epoch [18/20], Step [200/200], Train loss: 0.0110
2024-07-05 23:35:58,901 - INFO - Epoch [18/20], Average train loss: 0.0240
2024-07-05 23:35:59,409 - INFO - Epoch [18/20], Step [10/50], Val loss: 0.0754
2024-07-05 23:35:59,625 - INFO - Epoch [18/20], Step [20/50], Val loss: 0.0083
2024-07-05 23:35:59,846 - INFO - Epoch [18/20], Step [30/50], Val loss: 0.0361
2024-07-05 23:36:00,041 - INFO - Epoch [18/20], Step [40/50], Val loss: 0.0532
2024-07-05 23:36:00,181 - INFO - Epoch [18/20], Step [50/50], Val loss: 0.0597
2024-07-05 23:36:00,200 - INFO - Epoch [18/20], Average validation loss: 0.0414
2024-07-05 23:36:02,770 - INFO - Epoch [19/20], Step [20/200], Train loss: 0.0187
2024-07-05 23:36:04,438 - INFO - Epoch [19/20], Step [40/200], Train loss: 0.0219
2024-07-05 23:36:06,109 - INFO - Epoch [19/20], Step [60/200], Train loss: 0.0253
2024-07-05 23:36:07,810 - INFO - Epoch [19/20], Step [80/200], Train loss: 0.0184
2024-07-05 23:36:09,562 - INFO - Epoch [19/20], Step [100/200], Train loss: 0.0136
2024-07-05 23:36:11,263 - INFO - Epoch [19/20], Step [120/200], Train loss: 0.0172
2024-07-05 23:36:13,248 - INFO - Epoch [19/20], Step [140/200], Train loss: 0.0260
2024-07-05 23:36:15,366 - INFO - Epoch [19/20], Step [160/200], Train loss: 0.0201
2024-07-05 23:36:17,230 - INFO - Epoch [19/20], Step [180/200], Train loss: 0.0109
2024-07-05 23:36:18,323 - INFO - Epoch [19/20], Step [200/200], Train loss: 0.0337
2024-07-05 23:36:18,350 - INFO - Epoch [19/20], Average train loss: 0.0250
2024-07-05 23:36:18,841 - INFO - Epoch [19/20], Step [10/50], Val loss: 0.0759
2024-07-05 23:36:19,088 - INFO - Epoch [19/20], Step [20/50], Val loss: 0.0077
2024-07-05 23:36:19,338 - INFO - Epoch [19/20], Step [30/50], Val loss: 0.0340
2024-07-05 23:36:19,550 - INFO - Epoch [19/20], Step [40/50], Val loss: 0.0541
2024-07-05 23:36:19,709 - INFO - Epoch [19/20], Step [50/50], Val loss: 0.0617
2024-07-05 23:36:19,729 - INFO - Epoch [19/20], Average validation loss: 0.0419
2024-07-05 23:36:22,342 - INFO - Epoch [20/20], Step [20/200], Train loss: 0.0168
2024-07-05 23:36:24,183 - INFO - Epoch [20/20], Step [40/200], Train loss: 0.0146
2024-07-05 23:36:26,047 - INFO - Epoch [20/20], Step [60/200], Train loss: 0.0226
2024-07-05 23:36:27,755 - INFO - Epoch [20/20], Step [80/200], Train loss: 0.0205
2024-07-05 23:36:29,442 - INFO - Epoch [20/20], Step [100/200], Train loss: 0.0804
2024-07-05 23:36:31,243 - INFO - Epoch [20/20], Step [120/200], Train loss: 0.0222
2024-07-05 23:36:33,099 - INFO - Epoch [20/20], Step [140/200], Train loss: 0.0178
2024-07-05 23:36:34,898 - INFO - Epoch [20/20], Step [160/200], Train loss: 0.0236
2024-07-05 23:36:36,728 - INFO - Epoch [20/20], Step [180/200], Train loss: 0.0658
2024-07-05 23:36:37,809 - INFO - Epoch [20/20], Step [200/200], Train loss: 0.0209
2024-07-05 23:36:37,834 - INFO - Epoch [20/20], Average train loss: 0.0261
2024-07-05 23:36:38,379 - INFO - Epoch [20/20], Step [10/50], Val loss: 0.0694
2024-07-05 23:36:38,602 - INFO - Epoch [20/20], Step [20/50], Val loss: 0.0080
2024-07-05 23:36:38,824 - INFO - Epoch [20/20], Step [30/50], Val loss: 0.0337
2024-07-05 23:36:39,025 - INFO - Epoch [20/20], Step [40/50], Val loss: 0.0475
2024-07-05 23:36:39,183 - INFO - Epoch [20/20], Step [50/50], Val loss: 0.0493
2024-07-05 23:36:39,202 - INFO - Epoch [20/20], Average validation loss: 0.0415
2024-07-05 23:36:39,203 - INFO - Best epoch 18, Lowest validation loss: 0.0414
2024-07-05 23:36:39,203 - INFO - -------------------- Finished training --------------------
2024-07-05 23:36:39,203 - INFO - -------------------- Testing Time --------------------
2024-07-05 23:36:39,620 - INFO - Batch [10/100], MSE score: 0.0455
2024-07-05 23:36:39,772 - INFO - Batch [20/100], MSE score: 0.0142
2024-07-05 23:36:39,950 - INFO - Batch [30/100], MSE score: 0.0471
2024-07-05 23:36:40,124 - INFO - Batch [40/100], MSE score: 0.0658
2024-07-05 23:36:40,289 - INFO - Batch [50/100], MSE score: 0.0424
2024-07-05 23:36:40,461 - INFO - Batch [60/100], MSE score: 0.0103
2024-07-05 23:36:40,636 - INFO - Batch [70/100], MSE score: 0.0817
2024-07-05 23:36:40,812 - INFO - Batch [80/100], MSE score: 0.0516
2024-07-05 23:36:40,970 - INFO - Batch [90/100], MSE score: 0.0056
2024-07-05 23:36:41,094 - INFO - Batch [100/100], MSE score: 0.0447
2024-07-05 23:36:41,118 - INFO - Test average metric score: 0.0396
